[ 2015-12-22T16:18:21+08:00 ] 127.0.0.1 /admin.php
INFO: [ app_init ] --START--
INFO: Run Behavior\BuildLiteBehavior [ RunTime:0.000014s ]
INFO: Run Common\Behavior\InitHookBehavior [ RunTime:0.034909s ]
INFO: [ app_init ] --END-- [ RunTime:0.035484s ]
INFO: [ app_begin ] --START--
INFO: Run Behavior\ReadHtmlCacheBehavior [ RunTime:0.000770s ]
INFO: [ app_begin ] --END-- [ RunTime:0.000838s ]

[ 2015-12-22T16:18:22+08:00 ] 127.0.0.1 /admin.php?m=Admin&c=Public&a=login
INFO: [ app_init ] --START--
INFO: Run Behavior\BuildLiteBehavior [ RunTime:0.000012s ]
INFO: Run Common\Behavior\InitHookBehavior [ RunTime:0.001066s ]
INFO: [ app_init ] --END-- [ RunTime:0.001386s ]
INFO: [ app_begin ] --START--
INFO: Run Behavior\ReadHtmlCacheBehavior [ RunTime:0.000347s ]
INFO: [ app_begin ] --END-- [ RunTime:0.000420s ]
INFO: [ view_parse ] --START--
INFO: [ template_filter ] --START--
INFO: Run Behavior\ContentReplaceBehavior [ RunTime:0.000086s ]
INFO: [ template_filter ] --END-- [ RunTime:0.000194s ]
INFO: Run Behavior\ParseTemplateBehavior [ RunTime:0.034945s ]
INFO: [ view_parse ] --END-- [ RunTime:0.035001s ]
INFO: [ view_filter ] --START--
INFO: Run Behavior\WriteHtmlCacheBehavior [ RunTime:0.009085s ]
INFO: [ view_filter ] --END-- [ RunTime:0.009154s ]
INFO: [ app_end ] --START--
INFO: Run Behavior\ShowPageTraceBehavior [ RunTime:0.000870s ]
INFO: [ app_end ] --END-- [ RunTime:0.000926s ]

[ 2015-12-22T16:18:22+08:00 ] 127.0.0.1 /admin.php?m=Admin&c=Public&a=verify
INFO: [ app_init ] --START--
INFO: Run Behavior\BuildLiteBehavior [ RunTime:0.000013s ]
INFO: Run Common\Behavior\InitHookBehavior [ RunTime:0.001509s ]
INFO: [ app_init ] --END-- [ RunTime:0.001883s ]
INFO: [ app_begin ] --START--
INFO: Run Behavior\ReadHtmlCacheBehavior [ RunTime:0.000477s ]
INFO: [ app_begin ] --END-- [ RunTime:0.000533s ]
INFO: [ app_end ] --START--
INFO: Run Behavior\ShowPageTraceBehavior [ RunTime:0.000844s ]
INFO: [ app_end ] --END-- [ RunTime:0.000946s ]

[ 2015-12-22T16:18:26+08:00 ] 127.0.0.1 /admin.php?m=Admin&c=Public&a=login
INFO: [ app_init ] --START--
INFO: Run Behavior\BuildLiteBehavior [ RunTime:0.000012s ]
INFO: Run Common\Behavior\InitHookBehavior [ RunTime:0.001247s ]
INFO: [ app_init ] --END-- [ RunTime:0.001556s ]
INFO: [ app_begin ] --START--
INFO: Run Behavior\ReadHtmlCacheBehavior [ RunTime:0.000355s ]
INFO: [ app_begin ] --END-- [ RunTime:0.000399s ]
NOTIC: [8] Undefined index: lite E:\phpStudy\WWW\songjian\youweihui\ThinkPHP\Library\Think\Db.class.php 第 37 行.
SQL: SHOW COLUMNS FROM `jfsd_member` [ RunTime:0.0257s ]
SQL: SELECT `uid`,`nickname`,`sex`,`birthday`,`qq`,`score`,`login`,`reg_ip`,`reg_time`,`last_login_ip`,`last_login_time`,`status` FROM `jfsd_member` WHERE `uid` = 1 LIMIT 1   [ RunTime:0.0009s ]
SQL: SHOW COLUMNS FROM `jfsd_action` [ RunTime:0.0167s ]
SQL: SELECT * FROM `jfsd_action` WHERE `name` = 'user_login' LIMIT 1   [ RunTime:0.0111s ]
SQL: SHOW COLUMNS FROM `jfsd_action_log` [ RunTime:0.0187s ]
SQL: INSERT INTO `jfsd_action_log` (`action_id`,`user_id`,`action_ip`,`model`,`record_id`,`create_time`,`remark`) VALUES ('1','1','2130706433','member','1','1450772305','admin在2015-12-22 16:18登录了后台') [ RunTime:0.0101s ]
SQL: SELECT * FROM `jfsd_action` WHERE `name` = 'user_login' LIMIT 1   [ RunTime:0.0007s ]
NOTIC: [8] Undefined offset: 1 E:\phpStudy\WWW\songjian\youweihui\Application\Common\Common\function.php 第 710 行.
NOTIC: [2] array_key_exists() expects parameter 2 to be array, null given E:\phpStudy\WWW\songjian\youweihui\Application\Common\Common\function.php 第 710 行.
SQL: SELECT COUNT(*) AS tp_count FROM `jfsd_action_log` WHERE `action_id` = 1 AND `user_id` = 1 AND `create_time` > 1450685905 LIMIT 1   [ RunTime:0.0103s ]
SQL: SHOW COLUMNS FROM `jfsd_member` [ RunTime:0.0076s ]
SQL: UPDATE `jfsd_member` SET `score`=score+10 WHERE ( uid=1 AND status>-1 ) [ RunTime:0.0007s ]
SQL: UPDATE `jfsd_member` SET `login`=`login`+1,`last_login_time`='1450772305',`last_login_ip`='2130706433' WHERE `uid` = 1 [ RunTime:0.0006s ]

[ 2015-12-22T16:18:26+08:00 ] 127.0.0.1 /admin.php?m=Admin&c=Index&a=index
INFO: [ app_init ] --START--
INFO: Run Behavior\BuildLiteBehavior [ RunTime:0.000018s ]
INFO: Run Common\Behavior\InitHookBehavior [ RunTime:0.001473s ]
INFO: [ app_init ] --END-- [ RunTime:0.001885s ]
INFO: [ app_begin ] --START--
INFO: Run Behavior\ReadHtmlCacheBehavior [ RunTime:0.000470s ]
INFO: [ app_begin ] --END-- [ RunTime:0.000537s ]
SQL: SHOW COLUMNS FROM `jfsd_menu` [ RunTime:0.0135s ]
SQL: SELECT `id`,`title`,`url` FROM `jfsd_menu` WHERE `pid` = 0 AND `hide` = 0 ORDER BY sort asc  [ RunTime:0.0006s ]
SQL: SELECT `pid` FROM `jfsd_menu` WHERE ( pid !=0 AND url like '%Index/index%' ) LIMIT 1   [ RunTime:0.0008s ]
INFO: [ view_parse ] --START--
INFO: [ template_filter ] --START--
INFO: Run Behavior\ContentReplaceBehavior [ RunTime:0.000140s ]
INFO: [ template_filter ] --END-- [ RunTime:0.000222s ]
INFO: [ AdminIndex ] --START--
SQL: SHOW COLUMNS FROM `jfsd_addons` [ RunTime:0.0125s ]
SQL: SELECT `config` FROM `jfsd_addons` WHERE `name` = 'SiteStat' AND `status` = 1 LIMIT 1   [ RunTime:0.0130s ]
SQL: SHOW COLUMNS FROM `jfsd_member` [ RunTime:0.0077s ]
SQL: SELECT COUNT(*) AS tp_count FROM `jfsd_member` LIMIT 1   [ RunTime:0.0005s ]
SQL: SHOW COLUMNS FROM `jfsd_action_log` [ RunTime:0.0078s ]
SQL: SELECT COUNT(*) AS tp_count FROM `jfsd_action_log` LIMIT 1   [ RunTime:0.0005s ]
SQL: SHOW COLUMNS FROM `jfsd_document` [ RunTime:0.0214s ]
SQL: SELECT COUNT(*) AS tp_count FROM `jfsd_document` LIMIT 1   [ RunTime:0.0006s ]
SQL: SHOW COLUMNS FROM `jfsd_category` [ RunTime:0.0301s ]
SQL: SELECT COUNT(*) AS tp_count FROM `jfsd_category` LIMIT 1   [ RunTime:0.0006s ]
SQL: SHOW COLUMNS FROM `jfsd_model` [ RunTime:0.0171s ]
SQL: SELECT COUNT(*) AS tp_count FROM `jfsd_model` LIMIT 1   [ RunTime:0.0005s ]
INFO: [ view_parse ] --START--
INFO: [ template_filter ] --START--
INFO: Run Behavior\ContentReplaceBehavior [ RunTime:0.000089s ]
INFO: [ template_filter ] --END-- [ RunTime:-0.157744s ]
INFO: Run Behavior\ParseTemplateBehavior [ RunTime:0.017081s ]
INFO: [ view_parse ] --END-- [ RunTime:0.017236s ]
INFO: [ view_filter ] --START--
INFO: Run Behavior\WriteHtmlCacheBehavior [ RunTime:0.000585s ]
INFO: [ view_filter ] --END-- [ RunTime:0.000678s ]
INFO: Run Addons\SiteStat\SiteStatAddon [ RunTime:0.156264s ]
SQL: SELECT `config` FROM `jfsd_addons` WHERE `name` = 'SystemInfo' AND `status` = 1 LIMIT 1   [ RunTime:0.0005s ]
INFO: [ view_parse ] --START--
INFO: [ template_filter ] --START--
INFO: Run Behavior\ContentReplaceBehavior [ RunTime:0.000072s ]
INFO: [ template_filter ] --END-- [ RunTime:-0.396418s ]
SQL: select version() as v; [ RunTime:0.0004s ]
INFO: Run Behavior\ParseTemplateBehavior [ RunTime:0.015598s ]
INFO: [ view_parse ] --END-- [ RunTime:-0.223201s ]
INFO: [ view_filter ] --START--
INFO: Run Behavior\WriteHtmlCacheBehavior [ RunTime:0.000017s ]
INFO: [ view_filter ] --END-- [ RunTime:-0.238177s ]
INFO: Run Addons\SystemInfo\SystemInfoAddon [ RunTime:0.238193s ]
SQL: SELECT `config` FROM `jfsd_addons` WHERE `name` = 'DevTeam' AND `status` = 1 LIMIT 1   [ RunTime:0.0004s ]
INFO: [ view_parse ] --START--
INFO: [ template_filter ] --START--
INFO: Run Behavior\ContentReplaceBehavior [ RunTime:0.000077s ]
INFO: [ template_filter ] --END-- [ RunTime:-0.418327s ]
INFO: Run Behavior\ParseTemplateBehavior [ RunTime:0.009787s ]
INFO: [ view_parse ] --END-- [ RunTime:-0.250058s ]
INFO: [ view_filter ] --START--
INFO: Run Behavior\WriteHtmlCacheBehavior [ RunTime:0.000015s ]
INFO: [ view_filter ] --END-- [ RunTime:-0.259219s ]
INFO: Run Addons\DevTeam\DevTeamAddon [ RunTime:0.021003s ]
INFO: [ AdminIndex ] --END-- [ RunTime:0.415632s ]
INFO: Run Behavior\ParseTemplateBehavior [ RunTime:0.010038s ]
INFO: [ view_parse ] --END-- [ RunTime:-0.250058s ]
INFO: [ view_filter ] --START--
INFO: Run Behavior\WriteHtmlCacheBehavior [ RunTime:0.000012s ]
INFO: [ view_filter ] --END-- [ RunTime:-0.259452s ]
INFO: [ app_end ] --START--
INFO: Run Behavior\ShowPageTraceBehavior [ RunTime:0.000539s ]
INFO: [ app_end ] --END-- [ RunTime:0.000605s ]

