[ 2015-12-25T15:00:57+08:00 ] 127.0.0.1 /admin.php
INFO: [ app_init ] --START--
INFO: Run Behavior\BuildLiteBehavior [ RunTime:0.000020s ]
INFO: Run Common\Behavior\InitHookBehavior [ RunTime:0.034199s ]
INFO: [ app_init ] --END-- [ RunTime:0.051814s ]
INFO: [ app_begin ] --START--
INFO: Run Behavior\ReadHtmlCacheBehavior [ RunTime:0.000802s ]
INFO: [ app_begin ] --END-- [ RunTime:0.000866s ]

[ 2015-12-25T15:00:58+08:00 ] 127.0.0.1 /admin.php?m=Admin&c=Public&a=login
INFO: [ app_init ] --START--
INFO: Run Behavior\BuildLiteBehavior [ RunTime:0.000011s ]
INFO: Run Common\Behavior\InitHookBehavior [ RunTime:0.001054s ]
INFO: [ app_init ] --END-- [ RunTime:0.001327s ]
INFO: [ app_begin ] --START--
INFO: Run Behavior\ReadHtmlCacheBehavior [ RunTime:0.000315s ]
INFO: [ app_begin ] --END-- [ RunTime:0.000361s ]
INFO: [ view_parse ] --START--
INFO: [ template_filter ] --START--
INFO: Run Behavior\ContentReplaceBehavior [ RunTime:0.000205s ]
INFO: [ template_filter ] --END-- [ RunTime:0.000388s ]
INFO: Run Behavior\ParseTemplateBehavior [ RunTime:0.061127s ]
INFO: [ view_parse ] --END-- [ RunTime:0.061294s ]
INFO: [ view_filter ] --START--
INFO: Run Behavior\WriteHtmlCacheBehavior [ RunTime:0.015467s ]
INFO: [ view_filter ] --END-- [ RunTime:0.015628s ]
INFO: [ app_end ] --START--
INFO: Run Behavior\ShowPageTraceBehavior [ RunTime:0.007774s ]
INFO: [ app_end ] --END-- [ RunTime:0.007938s ]

[ 2015-12-25T15:00:58+08:00 ] 127.0.0.1 /admin.php?m=Admin&c=Public&a=verify
INFO: [ app_init ] --START--
INFO: Run Behavior\BuildLiteBehavior [ RunTime:0.000018s ]
INFO: Run Common\Behavior\InitHookBehavior [ RunTime:0.001613s ]
INFO: [ app_init ] --END-- [ RunTime:0.002033s ]
INFO: [ app_begin ] --START--
INFO: Run Behavior\ReadHtmlCacheBehavior [ RunTime:0.000483s ]
INFO: [ app_begin ] --END-- [ RunTime:0.000556s ]
INFO: [ app_end ] --START--
INFO: Run Behavior\ShowPageTraceBehavior [ RunTime:0.000652s ]
INFO: [ app_end ] --END-- [ RunTime:0.000781s ]

[ 2015-12-25T15:01:04+08:00 ] 127.0.0.1 /admin.php?m=Admin&c=Public&a=login
INFO: [ app_init ] --START--
INFO: Run Behavior\BuildLiteBehavior [ RunTime:0.000011s ]
INFO: Run Common\Behavior\InitHookBehavior [ RunTime:0.001015s ]
INFO: [ app_init ] --END-- [ RunTime:0.001281s ]
INFO: [ app_begin ] --START--
INFO: Run Behavior\ReadHtmlCacheBehavior [ RunTime:0.000421s ]
INFO: [ app_begin ] --END-- [ RunTime:0.000478s ]
NOTIC: [8] Undefined index: lite E:\phpStudy\WWW\songjian\youweihui\ThinkPHP\Library\Think\Db.class.php 第 37 行.
SQL: SHOW COLUMNS FROM `jfsd_member` [ RunTime:0.0261s ]
SQL: SELECT `uid`,`nickname`,`sex`,`birthday`,`qq`,`score`,`login`,`reg_ip`,`reg_time`,`last_login_ip`,`last_login_time`,`status` FROM `jfsd_member` WHERE `uid` = 1 LIMIT 1   [ RunTime:0.0008s ]
SQL: SHOW COLUMNS FROM `jfsd_action` [ RunTime:0.0389s ]
SQL: SELECT * FROM `jfsd_action` WHERE `name` = 'user_login' LIMIT 1   [ RunTime:0.0107s ]
SQL: SHOW COLUMNS FROM `jfsd_action_log` [ RunTime:0.0182s ]
SQL: INSERT INTO `jfsd_action_log` (`action_id`,`user_id`,`action_ip`,`model`,`record_id`,`create_time`,`remark`) VALUES ('1','1','2130706433','member','1','1451026863','admin在2015-12-25 15:01登录了后台') [ RunTime:0.0370s ]
SQL: SELECT * FROM `jfsd_action` WHERE `name` = 'user_login' LIMIT 1   [ RunTime:0.0007s ]
NOTIC: [8] Undefined offset: 1 E:\phpStudy\WWW\songjian\youweihui\Application\Common\Common\function.php 第 710 行.
NOTIC: [2] array_key_exists() expects parameter 2 to be array, null given E:\phpStudy\WWW\songjian\youweihui\Application\Common\Common\function.php 第 710 行.
SQL: SELECT COUNT(*) AS tp_count FROM `jfsd_action_log` WHERE `action_id` = 1 AND `user_id` = 1 AND `create_time` > 1450940463 LIMIT 1   [ RunTime:0.0036s ]
SQL: SHOW COLUMNS FROM `jfsd_member` [ RunTime:0.0074s ]
SQL: UPDATE `jfsd_member` SET `score`=score+10 WHERE ( uid=1 AND status>-1 ) [ RunTime:0.0007s ]
SQL: UPDATE `jfsd_member` SET `login`=`login`+1,`last_login_time`='1451026863',`last_login_ip`='2130706433' WHERE `uid` = 1 [ RunTime:0.0006s ]

[ 2015-12-25T15:01:04+08:00 ] 127.0.0.1 /admin.php?m=Admin&c=Index&a=index
INFO: [ app_init ] --START--
INFO: Run Behavior\BuildLiteBehavior [ RunTime:0.000039s ]
INFO: Run Common\Behavior\InitHookBehavior [ RunTime:0.003129s ]
INFO: [ app_init ] --END-- [ RunTime:0.004066s ]
INFO: [ app_begin ] --START--
INFO: Run Behavior\ReadHtmlCacheBehavior [ RunTime:0.000717s ]
INFO: [ app_begin ] --END-- [ RunTime:0.000838s ]
SQL: SHOW COLUMNS FROM `jfsd_menu` [ RunTime:0.0254s ]
SQL: SELECT `id`,`title`,`url` FROM `jfsd_menu` WHERE `pid` = 0 AND `hide` = 0 ORDER BY sort asc  [ RunTime:0.0042s ]
SQL: SELECT `pid` FROM `jfsd_menu` WHERE ( pid !=0 AND url like '%Index/index%' ) LIMIT 1   [ RunTime:0.0022s ]
INFO: [ view_parse ] --START--
INFO: [ template_filter ] --START--
INFO: Run Behavior\ContentReplaceBehavior [ RunTime:0.000342s ]
INFO: [ template_filter ] --END-- [ RunTime:0.000517s ]
INFO: [ AdminIndex ] --START--
SQL: SHOW COLUMNS FROM `jfsd_addons` [ RunTime:0.0336s ]
SQL: SELECT `config` FROM `jfsd_addons` WHERE `name` = 'SiteStat' AND `status` = 1 LIMIT 1   [ RunTime:0.0034s ]
SQL: SHOW COLUMNS FROM `jfsd_member` [ RunTime:0.0045s ]
SQL: SELECT COUNT(*) AS tp_count FROM `jfsd_member` LIMIT 1   [ RunTime:0.0003s ]
SQL: SHOW COLUMNS FROM `jfsd_action_log` [ RunTime:0.0046s ]
SQL: SELECT COUNT(*) AS tp_count FROM `jfsd_action_log` LIMIT 1   [ RunTime:0.0003s ]
SQL: SHOW COLUMNS FROM `jfsd_document` [ RunTime:0.0160s ]
SQL: SELECT COUNT(*) AS tp_count FROM `jfsd_document` LIMIT 1   [ RunTime:0.0004s ]
SQL: SHOW COLUMNS FROM `jfsd_category` [ RunTime:0.0195s ]
SQL: SELECT COUNT(*) AS tp_count FROM `jfsd_category` LIMIT 1   [ RunTime:0.0003s ]
SQL: SHOW COLUMNS FROM `jfsd_model` [ RunTime:0.0185s ]
SQL: SELECT COUNT(*) AS tp_count FROM `jfsd_model` LIMIT 1   [ RunTime:0.0003s ]
INFO: [ view_parse ] --START--
INFO: [ template_filter ] --START--
INFO: Run Behavior\ContentReplaceBehavior [ RunTime:0.000096s ]
INFO: [ template_filter ] --END-- [ RunTime:-0.148309s ]
INFO: Run Behavior\ParseTemplateBehavior [ RunTime:0.019902s ]
INFO: [ view_parse ] --END-- [ RunTime:0.020023s ]
INFO: [ view_filter ] --START--
INFO: Run Behavior\WriteHtmlCacheBehavior [ RunTime:0.000584s ]
INFO: [ view_filter ] --END-- [ RunTime:0.000678s ]
INFO: Run Addons\SiteStat\SiteStatAddon [ RunTime:0.146379s ]
SQL: SELECT `config` FROM `jfsd_addons` WHERE `name` = 'SystemInfo' AND `status` = 1 LIMIT 1   [ RunTime:0.0005s ]
INFO: [ view_parse ] --START--
INFO: [ template_filter ] --START--
INFO: Run Behavior\ContentReplaceBehavior [ RunTime:0.000106s ]
INFO: [ template_filter ] --END-- [ RunTime:-0.298907s ]
SQL: select version() as v; [ RunTime:0.0145s ]
INFO: Run Behavior\ParseTemplateBehavior [ RunTime:0.033847s ]
INFO: [ view_parse ] --END-- [ RunTime:-0.131891s ]
INFO: [ view_filter ] --START--
INFO: Run Behavior\WriteHtmlCacheBehavior [ RunTime:0.000024s ]
INFO: [ view_filter ] --END-- [ RunTime:-0.165162s ]
INFO: Run Addons\SystemInfo\SystemInfoAddon [ RunTime:0.165215s ]
SQL: SELECT `config` FROM `jfsd_addons` WHERE `name` = 'DevTeam' AND `status` = 1 LIMIT 1   [ RunTime:0.0005s ]
INFO: [ view_parse ] --START--
INFO: [ template_filter ] --START--
INFO: Run Behavior\ContentReplaceBehavior [ RunTime:0.000095s ]
INFO: [ template_filter ] --END-- [ RunTime:-0.343329s ]
INFO: Run Behavior\ParseTemplateBehavior [ RunTime:0.010569s ]
INFO: [ view_parse ] --END-- [ RunTime:-0.184191s ]
INFO: [ view_filter ] --START--
INFO: Run Behavior\WriteHtmlCacheBehavior [ RunTime:0.000022s ]
INFO: [ view_filter ] --END-- [ RunTime:-0.194184s ]
INFO: Run Addons\DevTeam\DevTeamAddon [ RunTime:0.028974s ]
INFO: [ AdminIndex ] --END-- [ RunTime:0.340745s ]
INFO: Run Behavior\ParseTemplateBehavior [ RunTime:0.010940s ]
INFO: [ view_parse ] --END-- [ RunTime:-0.184191s ]
INFO: [ view_filter ] --START--
INFO: Run Behavior\WriteHtmlCacheBehavior [ RunTime:0.000018s ]
INFO: [ view_filter ] --END-- [ RunTime:-0.194520s ]
INFO: [ app_end ] --START--
INFO: Run Behavior\ShowPageTraceBehavior [ RunTime:0.001180s ]
INFO: [ app_end ] --END-- [ RunTime:0.001283s ]

[ 2015-12-25T15:10:43+08:00 ] 127.0.0.1 /admin.php?m=Admin&c=Line&a=index
INFO: [ app_init ] --START--
INFO: Run Behavior\BuildLiteBehavior [ RunTime:0.000013s ]
INFO: Run Common\Behavior\InitHookBehavior [ RunTime:0.001415s ]
INFO: [ app_init ] --END-- [ RunTime:0.001729s ]
INFO: [ app_begin ] --START--
INFO: Run Behavior\ReadHtmlCacheBehavior [ RunTime:0.000428s ]
INFO: [ app_begin ] --END-- [ RunTime:0.000479s ]
SQL: SHOW COLUMNS FROM `jfsd_menu` [ RunTime:0.0032s ]
SQL: SELECT `id`,`title`,`url` FROM `jfsd_menu` WHERE `pid` = 0 AND `hide` = 0 ORDER BY sort asc  [ RunTime:0.0004s ]
SQL: SELECT `pid` FROM `jfsd_menu` WHERE ( pid !=0 AND url like '%Line/index%' ) LIMIT 1   [ RunTime:0.0011s ]
SQL: SELECT * FROM `jfsd_menu` WHERE `id` = 93 LIMIT 1   [ RunTime:0.0004s ]
SQL: SELECT DISTINCT  `group` FROM `jfsd_menu` WHERE `group` <> '' AND `pid` = 93  [ RunTime:2.0622s ]
SQL: SELECT `id`,`url` FROM `jfsd_menu` WHERE `pid` = 93 AND `hide` = 0  [ RunTime:0.0002s ]
SQL: SELECT `id`,`pid`,`title`,`url`,`tip` FROM `jfsd_menu` WHERE `group` = '旅游线路' AND `pid` = 93 AND `hide` = 0 ORDER BY sort asc  [ RunTime:0.0002s ]
SQL: SELECT `id`,`pid`,`title`,`url`,`tip` FROM `jfsd_menu` WHERE `group` = '签证线路' AND `pid` = 93 AND `hide` = 0 ORDER BY sort asc  [ RunTime:0.0002s ]
SQL: SELECT `id`,`pid`,`title`,`url`,`tip` FROM `jfsd_menu` WHERE `group` = '分类管理' AND `pid` = 93 AND `hide` = 0 ORDER BY sort asc  [ RunTime:0.0002s ]
SQL: SHOW COLUMNS FROM `jfsd_auth_group_access` [ RunTime:0.0267s ]
SQL: SELECT `extend_id` FROM jfsd_auth_group_access g INNER JOIN jfsd_auth_extend c on g.group_id=c.group_id  WHERE ( g.uid='1' and c.type='3' and !isnull(extend_id) )  [ RunTime:0.0098s ]
SQL: SHOW COLUMNS FROM `jfsd_line` [ RunTime:0.0454s ]
SQL: SELECT COUNT(*) AS tp_count FROM `jfsd_line` WHERE `title` LIKE '%%' LIMIT 1   [ RunTime:0.0003s ]
SQL: SELECT `line_id`,`site_id`,`title`,`sub_title`,`images`,`traffic`,`daynum`,`daytime`,`remark`,`stroke`,`view_num`,`order_num`,`create_time`,`update_time`,`status`,`ct_type`,`l_type`,`base_hits`,`base_order`,`sort`,`is_display`,`earlier_date`,`is_position`,`features`,`xingcheng`,`dest`,`starting` FROM `jfsd_line` WHERE `title` LIKE '%%' ORDER BY status desc, line_id desc LIMIT 0,10   [ RunTime:0.0006s ]
INFO: [ view_parse ] --START--
INFO: [ template_filter ] --START--
INFO: Run Behavior\ContentReplaceBehavior [ RunTime:0.000151s ]
INFO: [ template_filter ] --END-- [ RunTime:0.000200s ]
INFO: Run Behavior\ParseTemplateBehavior [ RunTime:0.013921s ]
INFO: [ view_parse ] --END-- [ RunTime:0.013981s ]
INFO: [ view_filter ] --START--
INFO: Run Behavior\WriteHtmlCacheBehavior [ RunTime:0.000333s ]
INFO: [ view_filter ] --END-- [ RunTime:0.000390s ]
INFO: [ app_end ] --START--
INFO: Run Behavior\ShowPageTraceBehavior [ RunTime:0.000786s ]
INFO: [ app_end ] --END-- [ RunTime:0.000890s ]

[ 2015-12-25T15:24:15+08:00 ] 127.0.0.1 /admin.php?m=Admin&c=Line&a=edit&site_id=0&line_id=14
INFO: [ app_init ] --START--
INFO: Run Behavior\BuildLiteBehavior [ RunTime:0.000012s ]
INFO: Run Common\Behavior\InitHookBehavior [ RunTime:0.001411s ]
INFO: [ app_init ] --END-- [ RunTime:0.001710s ]
INFO: [ app_begin ] --START--
INFO: Run Behavior\ReadHtmlCacheBehavior [ RunTime:0.000402s ]
INFO: [ app_begin ] --END-- [ RunTime:0.000481s ]
SQL: SHOW COLUMNS FROM `jfsd_menu` [ RunTime:0.0027s ]
SQL: SELECT `id`,`title`,`url` FROM `jfsd_menu` WHERE `pid` = 0 AND `hide` = 0 ORDER BY sort asc  [ RunTime:0.0004s ]
SQL: SELECT `pid` FROM `jfsd_menu` WHERE ( pid !=0 AND url like '%Line/edit%' ) LIMIT 1   [ RunTime:0.0007s ]
SQL: SELECT * FROM `jfsd_menu` WHERE `id` = 125 LIMIT 1   [ RunTime:0.0002s ]
SQL: SELECT * FROM `jfsd_menu` WHERE `id` = 93 LIMIT 1   [ RunTime:0.0003s ]
SQL: SELECT DISTINCT  `group` FROM `jfsd_menu` WHERE `group` <> '' AND `pid` = 93  [ RunTime:0.0003s ]
SQL: SELECT `id`,`url` FROM `jfsd_menu` WHERE `pid` = 93 AND `hide` = 0  [ RunTime:0.0006s ]
SQL: SELECT `id`,`pid`,`title`,`url`,`tip` FROM `jfsd_menu` WHERE `group` = '旅游线路' AND `pid` = 93 AND `hide` = 0 ORDER BY sort asc  [ RunTime:0.0003s ]
SQL: SELECT `id`,`pid`,`title`,`url`,`tip` FROM `jfsd_menu` WHERE `group` = '签证线路' AND `pid` = 93 AND `hide` = 0 ORDER BY sort asc  [ RunTime:0.0004s ]
SQL: SELECT `id`,`pid`,`title`,`url`,`tip` FROM `jfsd_menu` WHERE `group` = '分类管理' AND `pid` = 93 AND `hide` = 0 ORDER BY sort asc  [ RunTime:0.0003s ]
SQL: SHOW COLUMNS FROM `jfsd_line` [ RunTime:0.0032s ]
SQL: SHOW COLUMNS FROM `jfsd_auth_group_access` [ RunTime:0.0022s ]
SQL: SELECT `extend_id` FROM jfsd_auth_group_access g INNER JOIN jfsd_auth_extend c on g.group_id=c.group_id  WHERE ( g.uid='1' and c.type='3' and !isnull(extend_id) )  [ RunTime:0.0003s ]
SQL: SHOW COLUMNS FROM `jfsd_line_cate` [ RunTime:0.0241s ]
SQL: SELECT `id`,`title`,`sort`,`pid`,`display`,`status` FROM `jfsd_line_cate` WHERE `status` > -1 ORDER BY sort  [ RunTime:0.0004s ]
SQL: SELECT * FROM `jfsd_line` WHERE `line_id` = 14 LIMIT 1   [ RunTime:0.0003s ]
SQL: SHOW COLUMNS FROM `jfsd_line_type` [ RunTime:0.0186s ]
SQL: SELECT `type_id` FROM `jfsd_line_type` WHERE `line_id` = 14  [ RunTime:0.0002s ]
NOTIC: [8] Undefined variable: line_tc E:\phpStudy\WWW\songjian\youweihui\Application\Admin\Controller\LineController.class.php 第 188 行.
INFO: [ view_parse ] --START--
INFO: [ template_filter ] --START--
INFO: Run Behavior\ContentReplaceBehavior [ RunTime:0.000226s ]
INFO: [ template_filter ] --END-- [ RunTime:0.000277s ]
SQL: SHOW COLUMNS FROM `jfsd_picture` [ RunTime:0.0029s ]
SQL: SELECT * FROM `jfsd_picture` WHERE `status` = 1 AND `id` = 9 LIMIT 1   [ RunTime:0.0003s ]
SQL: SELECT * FROM `jfsd_picture` WHERE `status` = 1 AND `id` = 10 LIMIT 1   [ RunTime:0.0003s ]
SQL: SELECT * FROM `jfsd_picture` WHERE `status` = 1 AND `id` = 11 LIMIT 1   [ RunTime:0.0003s ]
INFO: Run Behavior\ParseTemplateBehavior [ RunTime:0.024987s ]
INFO: [ view_parse ] --END-- [ RunTime:0.025032s ]
INFO: [ view_filter ] --START--
INFO: Run Behavior\WriteHtmlCacheBehavior [ RunTime:0.000290s ]
INFO: [ view_filter ] --END-- [ RunTime:0.000329s ]
INFO: [ app_end ] --START--
INFO: Run Behavior\ShowPageTraceBehavior [ RunTime:0.000831s ]
INFO: [ app_end ] --END-- [ RunTime:0.000889s ]

[ 2015-12-25T15:24:17+08:00 ] 127.0.0.1 /admin.php?m=Admin&c=Line&a=edit3&site_id=0&line_id=14
INFO: [ app_init ] --START--
INFO: Run Behavior\BuildLiteBehavior [ RunTime:0.000014s ]
INFO: Run Common\Behavior\InitHookBehavior [ RunTime:0.001161s ]
INFO: [ app_init ] --END-- [ RunTime:0.001463s ]
INFO: [ app_begin ] --START--
INFO: Run Behavior\ReadHtmlCacheBehavior [ RunTime:0.000323s ]
INFO: [ app_begin ] --END-- [ RunTime:0.000381s ]
SQL: SHOW COLUMNS FROM `jfsd_menu` [ RunTime:0.0038s ]
SQL: SELECT `id`,`title`,`url` FROM `jfsd_menu` WHERE `pid` = 0 AND `hide` = 0 ORDER BY sort asc  [ RunTime:0.0007s ]
SQL: SELECT `pid` FROM `jfsd_menu` WHERE ( pid !=0 AND url like '%Line/edit3%' ) LIMIT 1   [ RunTime:0.0012s ]
SQL: SELECT * FROM `jfsd_menu` WHERE `id` = 125 LIMIT 1   [ RunTime:0.0004s ]
SQL: SELECT * FROM `jfsd_menu` WHERE `id` = 93 LIMIT 1   [ RunTime:0.0004s ]
SQL: SELECT DISTINCT  `group` FROM `jfsd_menu` WHERE `group` <> '' AND `pid` = 93  [ RunTime:0.0005s ]
SQL: SELECT `id`,`url` FROM `jfsd_menu` WHERE `pid` = 93 AND `hide` = 0  [ RunTime:0.0003s ]
SQL: SELECT `id`,`pid`,`title`,`url`,`tip` FROM `jfsd_menu` WHERE `group` = '旅游线路' AND `pid` = 93 AND `hide` = 0 ORDER BY sort asc  [ RunTime:0.0004s ]
SQL: SELECT `id`,`pid`,`title`,`url`,`tip` FROM `jfsd_menu` WHERE `group` = '签证线路' AND `pid` = 93 AND `hide` = 0 ORDER BY sort asc  [ RunTime:0.0005s ]
SQL: SELECT `id`,`pid`,`title`,`url`,`tip` FROM `jfsd_menu` WHERE `group` = '分类管理' AND `pid` = 93 AND `hide` = 0 ORDER BY sort asc  [ RunTime:0.0004s ]
SQL: SHOW COLUMNS FROM `jfsd_line` [ RunTime:0.0029s ]
SQL: SHOW COLUMNS FROM `jfsd_auth_group_access` [ RunTime:0.0023s ]
SQL: SELECT `extend_id` FROM jfsd_auth_group_access g INNER JOIN jfsd_auth_extend c on g.group_id=c.group_id  WHERE ( g.uid='1' and c.type='3' and !isnull(extend_id) )  [ RunTime:0.0003s ]
SQL: SELECT * FROM `jfsd_line` WHERE `line_id` = 14 LIMIT 1   [ RunTime:0.0005s ]
INFO: [ view_parse ] --START--
INFO: [ template_filter ] --START--
INFO: Run Behavior\ContentReplaceBehavior [ RunTime:0.000178s ]
INFO: [ template_filter ] --END-- [ RunTime:0.000251s ]
NOTIC: [2] in_array() expects parameter 2 to be array, null given E:\phpStudy\WWW\songjian\youweihui\Runtime\Cache\Admin\bebf544d0852bdbf0f653f22164a3567.php 第 137 行.
NOTIC: [2] in_array() expects parameter 2 to be array, null given E:\phpStudy\WWW\songjian\youweihui\Runtime\Cache\Admin\bebf544d0852bdbf0f653f22164a3567.php 第 138 行.
NOTIC: [2] in_array() expects parameter 2 to be array, null given E:\phpStudy\WWW\songjian\youweihui\Runtime\Cache\Admin\bebf544d0852bdbf0f653f22164a3567.php 第 139 行.
NOTIC: [2] in_array() expects parameter 2 to be array, null given E:\phpStudy\WWW\songjian\youweihui\Runtime\Cache\Admin\bebf544d0852bdbf0f653f22164a3567.php 第 137 行.
NOTIC: [2] in_array() expects parameter 2 to be array, null given E:\phpStudy\WWW\songjian\youweihui\Runtime\Cache\Admin\bebf544d0852bdbf0f653f22164a3567.php 第 138 行.
NOTIC: [2] in_array() expects parameter 2 to be array, null given E:\phpStudy\WWW\songjian\youweihui\Runtime\Cache\Admin\bebf544d0852bdbf0f653f22164a3567.php 第 139 行.
NOTIC: [2] in_array() expects parameter 2 to be array, null given E:\phpStudy\WWW\songjian\youweihui\Runtime\Cache\Admin\bebf544d0852bdbf0f653f22164a3567.php 第 137 行.
NOTIC: [2] in_array() expects parameter 2 to be array, null given E:\phpStudy\WWW\songjian\youweihui\Runtime\Cache\Admin\bebf544d0852bdbf0f653f22164a3567.php 第 138 行.
NOTIC: [2] in_array() expects parameter 2 to be array, null given E:\phpStudy\WWW\songjian\youweihui\Runtime\Cache\Admin\bebf544d0852bdbf0f653f22164a3567.php 第 139 行.
NOTIC: [2] in_array() expects parameter 2 to be array, null given E:\phpStudy\WWW\songjian\youweihui\Runtime\Cache\Admin\bebf544d0852bdbf0f653f22164a3567.php 第 137 行.
NOTIC: [2] in_array() expects parameter 2 to be array, null given E:\phpStudy\WWW\songjian\youweihui\Runtime\Cache\Admin\bebf544d0852bdbf0f653f22164a3567.php 第 138 行.
NOTIC: [2] in_array() expects parameter 2 to be array, null given E:\phpStudy\WWW\songjian\youweihui\Runtime\Cache\Admin\bebf544d0852bdbf0f653f22164a3567.php 第 139 行.
NOTIC: [2] in_array() expects parameter 2 to be array, null given E:\phpStudy\WWW\songjian\youweihui\Runtime\Cache\Admin\bebf544d0852bdbf0f653f22164a3567.php 第 137 行.
NOTIC: [2] in_array() expects parameter 2 to be array, null given E:\phpStudy\WWW\songjian\youweihui\Runtime\Cache\Admin\bebf544d0852bdbf0f653f22164a3567.php 第 138 行.
NOTIC: [2] in_array() expects parameter 2 to be array, null given E:\phpStudy\WWW\songjian\youweihui\Runtime\Cache\Admin\bebf544d0852bdbf0f653f22164a3567.php 第 139 行.
INFO: Run Behavior\ParseTemplateBehavior [ RunTime:0.122591s ]
INFO: [ view_parse ] --END-- [ RunTime:0.122652s ]
INFO: [ view_filter ] --START--
INFO: Run Behavior\WriteHtmlCacheBehavior [ RunTime:0.000296s ]
INFO: [ view_filter ] --END-- [ RunTime:0.000354s ]
INFO: [ app_end ] --START--
INFO: Run Behavior\ShowPageTraceBehavior [ RunTime:0.000488s ]
INFO: [ app_end ] --END-- [ RunTime:0.000574s ]

[ 2015-12-25T15:27:22+08:00 ] 127.0.0.1 /admin.php?m=Admin&c=Line&a=edit3&site_id=0&line_id=14
INFO: [ app_init ] --START--
INFO: Run Behavior\BuildLiteBehavior [ RunTime:0.000017s ]
INFO: Run Common\Behavior\InitHookBehavior [ RunTime:0.001565s ]
INFO: [ app_init ] --END-- [ RunTime:0.002359s ]
INFO: [ app_begin ] --START--
INFO: Run Behavior\ReadHtmlCacheBehavior [ RunTime:0.000484s ]
INFO: [ app_begin ] --END-- [ RunTime:0.000539s ]
SQL: SHOW COLUMNS FROM `jfsd_menu` [ RunTime:0.0027s ]
SQL: SELECT `id`,`title`,`url` FROM `jfsd_menu` WHERE `pid` = 0 AND `hide` = 0 ORDER BY sort asc  [ RunTime:0.0004s ]
SQL: SELECT `pid` FROM `jfsd_menu` WHERE ( pid !=0 AND url like '%Line/edit3%' ) LIMIT 1   [ RunTime:0.0007s ]
SQL: SELECT * FROM `jfsd_menu` WHERE `id` = 125 LIMIT 1   [ RunTime:0.0002s ]
SQL: SELECT * FROM `jfsd_menu` WHERE `id` = 93 LIMIT 1   [ RunTime:0.0002s ]
SQL: SELECT DISTINCT  `group` FROM `jfsd_menu` WHERE `group` <> '' AND `pid` = 93  [ RunTime:0.0004s ]
SQL: SELECT `id`,`url` FROM `jfsd_menu` WHERE `pid` = 93 AND `hide` = 0  [ RunTime:0.0002s ]
SQL: SELECT `id`,`pid`,`title`,`url`,`tip` FROM `jfsd_menu` WHERE `group` = '旅游线路' AND `pid` = 93 AND `hide` = 0 ORDER BY sort asc  [ RunTime:0.0003s ]
SQL: SELECT `id`,`pid`,`title`,`url`,`tip` FROM `jfsd_menu` WHERE `group` = '签证线路' AND `pid` = 93 AND `hide` = 0 ORDER BY sort asc  [ RunTime:0.0003s ]
SQL: SELECT `id`,`pid`,`title`,`url`,`tip` FROM `jfsd_menu` WHERE `group` = '分类管理' AND `pid` = 93 AND `hide` = 0 ORDER BY sort asc  [ RunTime:0.0002s ]
SQL: SHOW COLUMNS FROM `jfsd_line` [ RunTime:0.0026s ]
SQL: UPDATE `jfsd_line` SET `features`='1、酒店专享：全程入住四-五星酒店，保证入住1晚北海道五星温泉乐园酒店； [p]2、独家体验：洞爷湖畔足汤，边赏爷湖美丽景色，边漫步热气飘浮； [br] [/p] [p]3、独享购物：综合电器店；综合免税店；奥特莱斯，全方位购物，极致体验； [br] [/p] [p]4、尽享美食：拉面街和室兰海鲜市场，挑战您的味觉极限； [br] [/p] [p]5、精华景点：白色恋人巧克力工厂；熊牧场；旭川动物园； [br] [/p] [p]6、品味经典：小樽运河；SAIRO展望台；洞爷湖雕刻公园；大通公园； [br] [/p] [p]7、特别赠送：【游尾会】免费赠送人身意外险！ [br] [/p]',`xingcheng`='a:5:{i:0;a:4:{i:0;s:17:\"北京 一 旭川\";i:1;s:178:\" 北京首都机场集合，乘坐国际航班飞往日本北海道，抵达后乘机场巴士前往当晚入住酒店休息。办理完入住手续后，后前往酒店休息。\";i:2;a:3:{i:0;s:1:\"1\";i:1;s:1:\"2\";i:2;s:1:\"3\";}i:3;s:0:\"\";}i:1;a:3:{i:0;s:0:\"\";i:1;s:0:\"\";i:3;s:0:\"\";}i:2;a:3:{i:0;s:0:\"\";i:1;s:0:\"\";i:3;s:0:\"\";}i:3;a:3:{i:0;s:0:\"\";i:1;s:0:\"\";i:3;s:0:\"\";}i:4;a:3:{i:0;s:0:\"\";i:1;s:0:\"\";i:3;s:0:\"\";}}',`remark`='a:4:{i:0;s:0:\"\";i:1;s:0:\"\";i:2;s:0:\"\";i:3;s:0:\"\";}',`status`='1',`update_time`='1451028442' WHERE `line_id` = 14 [ RunTime:0.1315s ]

[ 2015-12-25T15:27:24+08:00 ] 127.0.0.1 /admin.php?m=Admin&c=Line&a=edit3&site_id=0&line_id=14
INFO: [ app_init ] --START--
INFO: Run Behavior\BuildLiteBehavior [ RunTime:0.000012s ]
INFO: Run Common\Behavior\InitHookBehavior [ RunTime:0.001028s ]
INFO: [ app_init ] --END-- [ RunTime:0.001298s ]
INFO: [ app_begin ] --START--
INFO: Run Behavior\ReadHtmlCacheBehavior [ RunTime:0.000618s ]
INFO: [ app_begin ] --END-- [ RunTime:0.000704s ]
SQL: SHOW COLUMNS FROM `jfsd_menu` [ RunTime:0.0024s ]
SQL: SELECT `id`,`title`,`url` FROM `jfsd_menu` WHERE `pid` = 0 AND `hide` = 0 ORDER BY sort asc  [ RunTime:0.0003s ]
SQL: SELECT `pid` FROM `jfsd_menu` WHERE ( pid !=0 AND url like '%Line/edit3%' ) LIMIT 1   [ RunTime:0.0006s ]
SQL: SELECT * FROM `jfsd_menu` WHERE `id` = 125 LIMIT 1   [ RunTime:0.0003s ]
SQL: SELECT * FROM `jfsd_menu` WHERE `id` = 93 LIMIT 1   [ RunTime:0.0002s ]
SQL: SELECT DISTINCT  `group` FROM `jfsd_menu` WHERE `group` <> '' AND `pid` = 93  [ RunTime:0.0004s ]
SQL: SELECT `id`,`url` FROM `jfsd_menu` WHERE `pid` = 93 AND `hide` = 0  [ RunTime:0.0003s ]
SQL: SELECT `id`,`pid`,`title`,`url`,`tip` FROM `jfsd_menu` WHERE `group` = '旅游线路' AND `pid` = 93 AND `hide` = 0 ORDER BY sort asc  [ RunTime:0.0004s ]
SQL: SELECT `id`,`pid`,`title`,`url`,`tip` FROM `jfsd_menu` WHERE `group` = '签证线路' AND `pid` = 93 AND `hide` = 0 ORDER BY sort asc  [ RunTime:0.0004s ]
SQL: SELECT `id`,`pid`,`title`,`url`,`tip` FROM `jfsd_menu` WHERE `group` = '分类管理' AND `pid` = 93 AND `hide` = 0 ORDER BY sort asc  [ RunTime:0.0004s ]
SQL: SHOW COLUMNS FROM `jfsd_line` [ RunTime:0.0028s ]
SQL: SHOW COLUMNS FROM `jfsd_auth_group_access` [ RunTime:0.0022s ]
SQL: SELECT `extend_id` FROM jfsd_auth_group_access g INNER JOIN jfsd_auth_extend c on g.group_id=c.group_id  WHERE ( g.uid='1' and c.type='3' and !isnull(extend_id) )  [ RunTime:0.0003s ]
SQL: SELECT * FROM `jfsd_line` WHERE `line_id` = 14 LIMIT 1   [ RunTime:0.0004s ]
INFO: [ view_parse ] --START--
INFO: [ template_filter ] --START--
INFO: Run Behavior\ContentReplaceBehavior [ RunTime:0.000195s ]
INFO: [ template_filter ] --END-- [ RunTime:0.000313s ]
NOTIC: [8] Undefined offset: 4 E:\phpStudy\WWW\songjian\youweihui\Runtime\Cache\Admin\bebf544d0852bdbf0f653f22164a3567.php 第 143 行.
NOTIC: [8] Undefined offset: 5 E:\phpStudy\WWW\songjian\youweihui\Runtime\Cache\Admin\bebf544d0852bdbf0f653f22164a3567.php 第 149 行.
NOTIC: [8] Undefined offset: 2 E:\phpStudy\WWW\songjian\youweihui\Runtime\Cache\Admin\bebf544d0852bdbf0f653f22164a3567.php 第 137 行.
NOTIC: [8] Undefined offset: 4 E:\phpStudy\WWW\songjian\youweihui\Runtime\Cache\Admin\bebf544d0852bdbf0f653f22164a3567.php 第 143 行.
NOTIC: [8] Undefined offset: 5 E:\phpStudy\WWW\songjian\youweihui\Runtime\Cache\Admin\bebf544d0852bdbf0f653f22164a3567.php 第 149 行.
NOTIC: [8] Undefined offset: 2 E:\phpStudy\WWW\songjian\youweihui\Runtime\Cache\Admin\bebf544d0852bdbf0f653f22164a3567.php 第 137 行.
NOTIC: [8] Undefined offset: 4 E:\phpStudy\WWW\songjian\youweihui\Runtime\Cache\Admin\bebf544d0852bdbf0f653f22164a3567.php 第 143 行.
NOTIC: [8] Undefined offset: 5 E:\phpStudy\WWW\songjian\youweihui\Runtime\Cache\Admin\bebf544d0852bdbf0f653f22164a3567.php 第 149 行.
NOTIC: [8] Undefined offset: 2 E:\phpStudy\WWW\songjian\youweihui\Runtime\Cache\Admin\bebf544d0852bdbf0f653f22164a3567.php 第 137 行.
NOTIC: [8] Undefined offset: 4 E:\phpStudy\WWW\songjian\youweihui\Runtime\Cache\Admin\bebf544d0852bdbf0f653f22164a3567.php 第 143 行.
NOTIC: [8] Undefined offset: 5 E:\phpStudy\WWW\songjian\youweihui\Runtime\Cache\Admin\bebf544d0852bdbf0f653f22164a3567.php 第 149 行.
NOTIC: [8] Undefined offset: 2 E:\phpStudy\WWW\songjian\youweihui\Runtime\Cache\Admin\bebf544d0852bdbf0f653f22164a3567.php 第 137 行.
NOTIC: [8] Undefined offset: 4 E:\phpStudy\WWW\songjian\youweihui\Runtime\Cache\Admin\bebf544d0852bdbf0f653f22164a3567.php 第 143 行.
NOTIC: [8] Undefined offset: 5 E:\phpStudy\WWW\songjian\youweihui\Runtime\Cache\Admin\bebf544d0852bdbf0f653f22164a3567.php 第 149 行.
INFO: Run Behavior\ParseTemplateBehavior [ RunTime:0.013783s ]
INFO: [ view_parse ] --END-- [ RunTime:0.013828s ]
INFO: [ view_filter ] --START--
INFO: Run Behavior\WriteHtmlCacheBehavior [ RunTime:0.000271s ]
INFO: [ view_filter ] --END-- [ RunTime:0.000309s ]
INFO: [ app_end ] --START--
INFO: Run Behavior\ShowPageTraceBehavior [ RunTime:0.000518s ]
INFO: [ app_end ] --END-- [ RunTime:0.000580s ]

[ 2015-12-25T15:29:52+08:00 ] 127.0.0.1 /admin.php?m=Admin&c=File&a=uploadPicture&session_id=lpj5tq1bkmi3dra43ga4m6tko1
INFO: [ app_init ] --START--
INFO: Run Behavior\BuildLiteBehavior [ RunTime:0.000013s ]
INFO: Run Common\Behavior\InitHookBehavior [ RunTime:0.001784s ]
INFO: [ app_init ] --END-- [ RunTime:0.002265s ]
INFO: [ app_begin ] --START--
INFO: Run Behavior\ReadHtmlCacheBehavior [ RunTime:0.000480s ]
INFO: [ app_begin ] --END-- [ RunTime:0.000531s ]
SQL: SHOW COLUMNS FROM `jfsd_menu` [ RunTime:0.0028s ]
SQL: SELECT `id`,`title`,`url` FROM `jfsd_menu` WHERE `pid` = 0 AND `hide` = 0 ORDER BY sort asc  [ RunTime:0.0003s ]
SQL: SELECT `pid` FROM `jfsd_menu` WHERE ( pid !=0 AND url like '%File/uploadPicture%' ) LIMIT 1   [ RunTime:0.0006s ]
SQL: SHOW COLUMNS FROM `jfsd_picture` [ RunTime:0.0028s ]
SQL: SELECT `id`,`path`,`url`,`md5`,`sha1`,`status`,`create_time` FROM `jfsd_picture` WHERE `md5` = '5010d49ae28e3671cf73cbeb5fcee0eb' AND `sha1` = 'b017fc47dc15fd50810212f6624e212df08530d3' LIMIT 1   [ RunTime:0.0003s ]
SQL: INSERT INTO `jfsd_picture` (`md5`,`sha1`,`path`,`status`,`create_time`) VALUES ('5010d49ae28e3671cf73cbeb5fcee0eb','b017fc47dc15fd50810212f6624e212df08530d3','/Uploads/Picture/2015-12-25/567cf0708a568.jpg','1','1451028592') [ RunTime:0.0003s ]

[ 2015-12-25T15:33:34+08:00 ] 127.0.0.1 /admin.php?m=Admin&c=Line&a=edit3&site_id=0&line_id=14
INFO: [ app_init ] --START--
INFO: Run Behavior\BuildLiteBehavior [ RunTime:0.000012s ]
INFO: Run Common\Behavior\InitHookBehavior [ RunTime:0.001982s ]
INFO: [ app_init ] --END-- [ RunTime:0.002307s ]
INFO: [ app_begin ] --START--
INFO: Run Behavior\ReadHtmlCacheBehavior [ RunTime:0.000537s ]
INFO: [ app_begin ] --END-- [ RunTime:0.000605s ]
SQL: SHOW COLUMNS FROM `jfsd_menu` [ RunTime:0.0029s ]
SQL: SELECT `id`,`title`,`url` FROM `jfsd_menu` WHERE `pid` = 0 AND `hide` = 0 ORDER BY sort asc  [ RunTime:0.0005s ]
SQL: SELECT `pid` FROM `jfsd_menu` WHERE ( pid !=0 AND url like '%Line/edit3%' ) LIMIT 1   [ RunTime:0.0008s ]
SQL: SELECT * FROM `jfsd_menu` WHERE `id` = 125 LIMIT 1   [ RunTime:0.0003s ]
SQL: SELECT * FROM `jfsd_menu` WHERE `id` = 93 LIMIT 1   [ RunTime:0.0003s ]
SQL: SELECT DISTINCT  `group` FROM `jfsd_menu` WHERE `group` <> '' AND `pid` = 93  [ RunTime:0.0004s ]
SQL: SELECT `id`,`url` FROM `jfsd_menu` WHERE `pid` = 93 AND `hide` = 0  [ RunTime:0.0003s ]
SQL: SELECT `id`,`pid`,`title`,`url`,`tip` FROM `jfsd_menu` WHERE `group` = '旅游线路' AND `pid` = 93 AND `hide` = 0 ORDER BY sort asc  [ RunTime:0.0003s ]
SQL: SELECT `id`,`pid`,`title`,`url`,`tip` FROM `jfsd_menu` WHERE `group` = '签证线路' AND `pid` = 93 AND `hide` = 0 ORDER BY sort asc  [ RunTime:0.0005s ]
SQL: SELECT `id`,`pid`,`title`,`url`,`tip` FROM `jfsd_menu` WHERE `group` = '分类管理' AND `pid` = 93 AND `hide` = 0 ORDER BY sort asc  [ RunTime:0.0003s ]
SQL: SHOW COLUMNS FROM `jfsd_line` [ RunTime:0.0038s ]
SQL: UPDATE `jfsd_line` SET `features`='1、酒店专享：全程入住四-五星酒店，保证入住1晚北海道五星温泉乐园酒店； [p]2、独家体验：洞爷湖畔足汤，边赏爷湖美丽景色，边漫步热气飘浮； [br] [/p] [p]3、独享购物：综合电器店；综合免税店；奥特莱斯，全方位购物，极致体验； [br] [/p] [p]4、尽享美食：拉面街和室兰海鲜市场，挑战您的味觉极限； [br] [/p] [p]5、精华景点：白色恋人巧克力工厂；熊牧场；旭川动物园； [br] [/p] [p]6、品味经典：小樽运河；SAIRO展望台；洞爷湖雕刻公园；大通公园； [br] [/p] [p]7、特别赠送：【游尾会】免费赠送人身意外险！ [br] [/p]',`xingcheng`='a:5:{i:0;a:6:{i:0;s:18:\"北京 一 旭川1\";i:1;s:266:\" [p]北京首都机场集合，乘坐国际航班飞往日本北海道，抵达后乘机场巴士前往当晚入住酒店休息。办理完入住手续后，后前往酒店休息。 [br] [/p] [p] [b] [font30099cc]参考航班：MU749 1305 1730 [/font] [/b] [br] [/p]\";i:2;s:15:\"晚餐特色餐\";i:3;s:6:\"飞机\";i:4;s:12:\"当地民宿\";i:5;a:1:{i:0;s:2:\"12\";}}i:1;a:5:{i:0;s:18:\"北京 一 旭川2\";i:1;s:236:\" 北京首都机场集合，乘坐国际航班飞往日本北海道，抵达后乘机场巴士前往当晚入住酒店休息。办理完入住手续后，后前往酒店休息。 [p] [br] [/p] [p]参考航班：MU749 1305 1730 [br] [/p]\";i:2;s:15:\"晚餐特色餐\";i:3;s:6:\"飞机\";i:4;s:12:\"当地民宿\";}i:2;a:5:{i:0;s:18:\"北京 一 旭川3\";i:1;s:236:\" 北京首都机场集合，乘坐国际航班飞往日本北海道，抵达后乘机场巴士前往当晚入住酒店休息。办理完入住手续后，后前往酒店休息。 [p] [br] [/p] [p]参考航班：MU749 1305 1730 [br] [/p]\";i:2;s:15:\"晚餐特色餐\";i:3;s:6:\"飞机\";i:4;s:12:\"当地民宿\";}i:3;a:5:{i:0;s:18:\"北京 一 旭川4\";i:1;s:236:\" 北京首都机场集合，乘坐国际航班飞往日本北海道，抵达后乘机场巴士前往当晚入住酒店休息。办理完入住手续后，后前往酒店休息。 [p] [br] [/p] [p]参考航班：MU749 1305 1730 [br] [/p]\";i:2;s:15:\"晚餐特色餐\";i:3;s:6:\"飞机\";i:4;s:12:\"当地民宿\";}i:4;a:5:{i:0;s:18:\"北京 一 旭川5\";i:1;s:236:\" 北京首都机场集合，乘坐国际航班飞往日本北海道，抵达后乘机场巴士前往当晚入住酒店休息。办理完入住手续后，后前往酒店休息。 [p] [br] [/p] [p]参考航班：MU749 1305 1730 [br] [/p]\";i:2;s:15:\"晚餐特色餐\";i:3;s:6:\"飞机\";i:4;s:12:\"当地民宿\";}}',`remark`='a:4:{i:0;s:12:\"费用说明\";i:1;s:473:\" 预订须知： [p]1、国际往返机票（含机场税），团队经济舱； [p]2、团队旅游签证费； [br] [/p] [p]3、日本当地四-五星标准酒店双人间住宿； [br] [/p] [p]4、日程所列餐食（午餐1200日元/人次晚餐1350日元/人次）； [br] [/p] [p]5、专用观光车； [br] [/p] [p]6、全程中文导游/领队服务； [br] [/p] [p]7、旅行社责任险。人身意外险； [br] [/p] [p]8、全程小费已含； [br] [/p] [/p]\";i:2;s:12:\"预定指南\";i:3;s:875:\" [b] [fontdd0000]预订须知： [/font] [/b] [p]1、旅游产品时限性比较强，所以如您预订此产品，请与客服联系！以上团期仅限于持中国护照/证件旅游者！ 2、理智面对降价：由于旅游尾单的特性，价格可以还会随着时间的临近而下降，您购买到心仪的度假产品后，还请冷静面对随后的降价，该出手时就出手，买到总比错过强呀！！ [/p] [p] [b] [fontdd0000]预订须知： [/font] [/b] [/p] [p]1、旅游产品时限性比较强，所以如您预订此产品，请与客服联系！以上团期仅限于持中国护照/证件旅游者！ 2、理智面对降价：由于旅游尾单的特性，价格可以还会随着时间的临近而下降，您购买到心仪的度假产品后，还请冷静面对随后的降价，该出手时就出手，买到总比错过强呀！！ [/p]\";}',`status`='1',`update_time`='1451028812' WHERE `line_id` = 14 [ RunTime:2.1553s ]

[ 2015-12-25T15:33:36+08:00 ] 127.0.0.1 /admin.php?m=Admin&c=Line&a=edit3&site_id=0&line_id=14
INFO: [ app_init ] --START--
INFO: Run Behavior\BuildLiteBehavior [ RunTime:0.000048s ]
INFO: Run Common\Behavior\InitHookBehavior [ RunTime:0.002131s ]
INFO: [ app_init ] --END-- [ RunTime:0.002652s ]
INFO: [ app_begin ] --START--
INFO: Run Behavior\ReadHtmlCacheBehavior [ RunTime:0.000494s ]
INFO: [ app_begin ] --END-- [ RunTime:0.000545s ]
SQL: SHOW COLUMNS FROM `jfsd_menu` [ RunTime:0.0040s ]
SQL: SELECT `id`,`title`,`url` FROM `jfsd_menu` WHERE `pid` = 0 AND `hide` = 0 ORDER BY sort asc  [ RunTime:0.0004s ]
SQL: SELECT `pid` FROM `jfsd_menu` WHERE ( pid !=0 AND url like '%Line/edit3%' ) LIMIT 1   [ RunTime:0.0007s ]
SQL: SELECT * FROM `jfsd_menu` WHERE `id` = 125 LIMIT 1   [ RunTime:0.0003s ]
SQL: SELECT * FROM `jfsd_menu` WHERE `id` = 93 LIMIT 1   [ RunTime:0.0003s ]
SQL: SELECT DISTINCT  `group` FROM `jfsd_menu` WHERE `group` <> '' AND `pid` = 93  [ RunTime:0.0004s ]
SQL: SELECT `id`,`url` FROM `jfsd_menu` WHERE `pid` = 93 AND `hide` = 0  [ RunTime:0.0003s ]
SQL: SELECT `id`,`pid`,`title`,`url`,`tip` FROM `jfsd_menu` WHERE `group` = '旅游线路' AND `pid` = 93 AND `hide` = 0 ORDER BY sort asc  [ RunTime:0.0003s ]
SQL: SELECT `id`,`pid`,`title`,`url`,`tip` FROM `jfsd_menu` WHERE `group` = '签证线路' AND `pid` = 93 AND `hide` = 0 ORDER BY sort asc  [ RunTime:0.0003s ]
SQL: SELECT `id`,`pid`,`title`,`url`,`tip` FROM `jfsd_menu` WHERE `group` = '分类管理' AND `pid` = 93 AND `hide` = 0 ORDER BY sort asc  [ RunTime:0.0003s ]
SQL: SHOW COLUMNS FROM `jfsd_line` [ RunTime:0.0027s ]
SQL: SHOW COLUMNS FROM `jfsd_auth_group_access` [ RunTime:0.0021s ]
SQL: SELECT `extend_id` FROM jfsd_auth_group_access g INNER JOIN jfsd_auth_extend c on g.group_id=c.group_id  WHERE ( g.uid='1' and c.type='3' and !isnull(extend_id) )  [ RunTime:0.0004s ]
SQL: SELECT * FROM `jfsd_line` WHERE `line_id` = 14 LIMIT 1   [ RunTime:0.0004s ]
INFO: [ view_parse ] --START--
INFO: [ template_filter ] --START--
INFO: Run Behavior\ContentReplaceBehavior [ RunTime:0.000235s ]
INFO: [ template_filter ] --END-- [ RunTime:0.000288s ]
SQL: SHOW COLUMNS FROM `jfsd_picture` [ RunTime:0.0024s ]
SQL: SELECT * FROM `jfsd_picture` WHERE `status` = 1 AND `id` = 12 LIMIT 1   [ RunTime:0.0002s ]
NOTIC: [8] Undefined offset: 5 E:\phpStudy\WWW\songjian\youweihui\Runtime\Cache\Admin\bebf544d0852bdbf0f653f22164a3567.php 第 149 行.
NOTIC: [8] Undefined offset: 5 E:\phpStudy\WWW\songjian\youweihui\Runtime\Cache\Admin\bebf544d0852bdbf0f653f22164a3567.php 第 149 行.
NOTIC: [8] Undefined offset: 5 E:\phpStudy\WWW\songjian\youweihui\Runtime\Cache\Admin\bebf544d0852bdbf0f653f22164a3567.php 第 149 行.
NOTIC: [8] Undefined offset: 5 E:\phpStudy\WWW\songjian\youweihui\Runtime\Cache\Admin\bebf544d0852bdbf0f653f22164a3567.php 第 149 行.
INFO: Run Behavior\ParseTemplateBehavior [ RunTime:0.018330s ]
INFO: [ view_parse ] --END-- [ RunTime:0.018373s ]
INFO: [ view_filter ] --START--
INFO: Run Behavior\WriteHtmlCacheBehavior [ RunTime:0.000384s ]
INFO: [ view_filter ] --END-- [ RunTime:0.000424s ]
INFO: [ app_end ] --START--
INFO: Run Behavior\ShowPageTraceBehavior [ RunTime:0.000818s ]
INFO: [ app_end ] --END-- [ RunTime:0.000894s ]

[ 2015-12-25T15:35:05+08:00 ] 127.0.0.1 /admin.php?m=Admin&c=Line&a=edit&site_id=0&line_id=14
INFO: [ app_init ] --START--
INFO: Run Behavior\BuildLiteBehavior [ RunTime:0.000011s ]
INFO: Run Common\Behavior\InitHookBehavior [ RunTime:0.001060s ]
INFO: [ app_init ] --END-- [ RunTime:0.001326s ]
INFO: [ app_begin ] --START--
INFO: Run Behavior\ReadHtmlCacheBehavior [ RunTime:0.000420s ]
INFO: [ app_begin ] --END-- [ RunTime:0.000468s ]
SQL: SHOW COLUMNS FROM `jfsd_menu` [ RunTime:0.0028s ]
SQL: SELECT `id`,`title`,`url` FROM `jfsd_menu` WHERE `pid` = 0 AND `hide` = 0 ORDER BY sort asc  [ RunTime:0.0003s ]
SQL: SELECT `pid` FROM `jfsd_menu` WHERE ( pid !=0 AND url like '%Line/edit%' ) LIMIT 1   [ RunTime:0.0006s ]
SQL: SELECT * FROM `jfsd_menu` WHERE `id` = 125 LIMIT 1   [ RunTime:0.0002s ]
SQL: SELECT * FROM `jfsd_menu` WHERE `id` = 93 LIMIT 1   [ RunTime:0.0002s ]
SQL: SELECT DISTINCT  `group` FROM `jfsd_menu` WHERE `group` <> '' AND `pid` = 93  [ RunTime:0.0003s ]
SQL: SELECT `id`,`url` FROM `jfsd_menu` WHERE `pid` = 93 AND `hide` = 0  [ RunTime:0.0002s ]
SQL: SELECT `id`,`pid`,`title`,`url`,`tip` FROM `jfsd_menu` WHERE `group` = '旅游线路' AND `pid` = 93 AND `hide` = 0 ORDER BY sort asc  [ RunTime:0.0002s ]
SQL: SELECT `id`,`pid`,`title`,`url`,`tip` FROM `jfsd_menu` WHERE `group` = '签证线路' AND `pid` = 93 AND `hide` = 0 ORDER BY sort asc  [ RunTime:0.0003s ]
SQL: SELECT `id`,`pid`,`title`,`url`,`tip` FROM `jfsd_menu` WHERE `group` = '分类管理' AND `pid` = 93 AND `hide` = 0 ORDER BY sort asc  [ RunTime:0.0002s ]
SQL: SHOW COLUMNS FROM `jfsd_line` [ RunTime:0.0024s ]
SQL: SHOW COLUMNS FROM `jfsd_auth_group_access` [ RunTime:0.0019s ]
SQL: SELECT `extend_id` FROM jfsd_auth_group_access g INNER JOIN jfsd_auth_extend c on g.group_id=c.group_id  WHERE ( g.uid='1' and c.type='3' and !isnull(extend_id) )  [ RunTime:0.0003s ]
SQL: SHOW COLUMNS FROM `jfsd_line_cate` [ RunTime:0.0022s ]
SQL: SELECT `id`,`title`,`sort`,`pid`,`display`,`status` FROM `jfsd_line_cate` WHERE `status` > -1 ORDER BY sort  [ RunTime:0.0005s ]
SQL: SELECT * FROM `jfsd_line` WHERE `line_id` = 14 LIMIT 1   [ RunTime:0.0004s ]
SQL: SHOW COLUMNS FROM `jfsd_line_type` [ RunTime:0.0025s ]
SQL: SELECT `type_id` FROM `jfsd_line_type` WHERE `line_id` = 14  [ RunTime:0.0003s ]
NOTIC: [8] Undefined variable: line_tc E:\phpStudy\WWW\songjian\youweihui\Application\Admin\Controller\LineController.class.php 第 188 行.
INFO: [ view_parse ] --START--
INFO: [ template_filter ] --START--
INFO: Run Behavior\ContentReplaceBehavior [ RunTime:0.000227s ]
INFO: [ template_filter ] --END-- [ RunTime:0.000280s ]
SQL: SHOW COLUMNS FROM `jfsd_picture` [ RunTime:0.0024s ]
SQL: SELECT * FROM `jfsd_picture` WHERE `status` = 1 AND `id` = 9 LIMIT 1   [ RunTime:0.0002s ]
SQL: SELECT * FROM `jfsd_picture` WHERE `status` = 1 AND `id` = 10 LIMIT 1   [ RunTime:0.0002s ]
SQL: SELECT * FROM `jfsd_picture` WHERE `status` = 1 AND `id` = 11 LIMIT 1   [ RunTime:0.0001s ]
INFO: Run Behavior\ParseTemplateBehavior [ RunTime:0.023845s ]
INFO: [ view_parse ] --END-- [ RunTime:0.023903s ]
INFO: [ view_filter ] --START--
INFO: Run Behavior\WriteHtmlCacheBehavior [ RunTime:0.000314s ]
INFO: [ view_filter ] --END-- [ RunTime:0.000352s ]
INFO: [ app_end ] --START--
INFO: Run Behavior\ShowPageTraceBehavior [ RunTime:0.000491s ]
INFO: [ app_end ] --END-- [ RunTime:0.000576s ]

[ 2015-12-25T15:36:53+08:00 ] 127.0.0.1 /admin.php?m=Admin&c=Line&a=edit3&site_id=0&line_id=14
INFO: [ app_init ] --START--
INFO: Run Behavior\BuildLiteBehavior [ RunTime:0.000013s ]
INFO: Run Common\Behavior\InitHookBehavior [ RunTime:0.001365s ]
INFO: [ app_init ] --END-- [ RunTime:0.001724s ]
INFO: [ app_begin ] --START--
INFO: Run Behavior\ReadHtmlCacheBehavior [ RunTime:0.000500s ]
INFO: [ app_begin ] --END-- [ RunTime:0.000606s ]
SQL: SHOW COLUMNS FROM `jfsd_menu` [ RunTime:0.0044s ]
SQL: SELECT `id`,`title`,`url` FROM `jfsd_menu` WHERE `pid` = 0 AND `hide` = 0 ORDER BY sort asc  [ RunTime:0.0006s ]
SQL: SELECT `pid` FROM `jfsd_menu` WHERE ( pid !=0 AND url like '%Line/edit3%' ) LIMIT 1   [ RunTime:0.0011s ]
SQL: SELECT * FROM `jfsd_menu` WHERE `id` = 125 LIMIT 1   [ RunTime:0.0003s ]
SQL: SELECT * FROM `jfsd_menu` WHERE `id` = 93 LIMIT 1   [ RunTime:0.0003s ]
SQL: SELECT DISTINCT  `group` FROM `jfsd_menu` WHERE `group` <> '' AND `pid` = 93  [ RunTime:0.0004s ]
SQL: SELECT `id`,`url` FROM `jfsd_menu` WHERE `pid` = 93 AND `hide` = 0  [ RunTime:0.0003s ]
SQL: SELECT `id`,`pid`,`title`,`url`,`tip` FROM `jfsd_menu` WHERE `group` = '旅游线路' AND `pid` = 93 AND `hide` = 0 ORDER BY sort asc  [ RunTime:0.0003s ]
SQL: SELECT `id`,`pid`,`title`,`url`,`tip` FROM `jfsd_menu` WHERE `group` = '签证线路' AND `pid` = 93 AND `hide` = 0 ORDER BY sort asc  [ RunTime:0.0003s ]
SQL: SELECT `id`,`pid`,`title`,`url`,`tip` FROM `jfsd_menu` WHERE `group` = '分类管理' AND `pid` = 93 AND `hide` = 0 ORDER BY sort asc  [ RunTime:0.0003s ]
SQL: SHOW COLUMNS FROM `jfsd_line` [ RunTime:0.0046s ]
SQL: SHOW COLUMNS FROM `jfsd_auth_group_access` [ RunTime:0.0037s ]
SQL: SELECT `extend_id` FROM jfsd_auth_group_access g INNER JOIN jfsd_auth_extend c on g.group_id=c.group_id  WHERE ( g.uid='1' and c.type='3' and !isnull(extend_id) )  [ RunTime:0.0003s ]
SQL: SELECT * FROM `jfsd_line` WHERE `line_id` = 14 LIMIT 1   [ RunTime:0.0004s ]
INFO: [ view_parse ] --START--
INFO: [ template_filter ] --START--
INFO: Run Behavior\ContentReplaceBehavior [ RunTime:0.000190s ]
INFO: [ template_filter ] --END-- [ RunTime:0.000280s ]
SQL: SHOW COLUMNS FROM `jfsd_picture` [ RunTime:0.0028s ]
SQL: SELECT * FROM `jfsd_picture` WHERE `status` = 1 AND `id` = 12 LIMIT 1   [ RunTime:0.0003s ]
NOTIC: [8] Undefined offset: 5 E:\phpStudy\WWW\songjian\youweihui\Runtime\Cache\Admin\bebf544d0852bdbf0f653f22164a3567.php 第 149 行.
NOTIC: [8] Undefined offset: 5 E:\phpStudy\WWW\songjian\youweihui\Runtime\Cache\Admin\bebf544d0852bdbf0f653f22164a3567.php 第 149 行.
NOTIC: [8] Undefined offset: 5 E:\phpStudy\WWW\songjian\youweihui\Runtime\Cache\Admin\bebf544d0852bdbf0f653f22164a3567.php 第 149 行.
NOTIC: [8] Undefined offset: 5 E:\phpStudy\WWW\songjian\youweihui\Runtime\Cache\Admin\bebf544d0852bdbf0f653f22164a3567.php 第 149 行.
INFO: Run Behavior\ParseTemplateBehavior [ RunTime:0.020328s ]
INFO: [ view_parse ] --END-- [ RunTime:0.020388s ]
INFO: [ view_filter ] --START--
INFO: Run Behavior\WriteHtmlCacheBehavior [ RunTime:0.000366s ]
INFO: [ view_filter ] --END-- [ RunTime:0.000404s ]
INFO: [ app_end ] --START--
INFO: Run Behavior\ShowPageTraceBehavior [ RunTime:0.000556s ]
INFO: [ app_end ] --END-- [ RunTime:0.000610s ]

[ 2015-12-25T15:52:59+08:00 ] 127.0.0.1 /admin.php?m=Admin&c=Line&a=edit3&site_id=0&line_id=14
INFO: [ app_init ] --START--
INFO: Run Behavior\BuildLiteBehavior [ RunTime:0.000029s ]
INFO: Run Common\Behavior\InitHookBehavior [ RunTime:0.002046s ]
INFO: [ app_init ] --END-- [ RunTime:0.002468s ]
INFO: [ app_begin ] --START--
INFO: Run Behavior\ReadHtmlCacheBehavior [ RunTime:0.000574s ]
INFO: [ app_begin ] --END-- [ RunTime:0.000640s ]
SQL: SHOW COLUMNS FROM `jfsd_menu` [ RunTime:0.0030s ]
SQL: SELECT `id`,`title`,`url` FROM `jfsd_menu` WHERE `pid` = 0 AND `hide` = 0 ORDER BY sort asc  [ RunTime:0.0008s ]
SQL: SELECT `pid` FROM `jfsd_menu` WHERE ( pid !=0 AND url like '%Line/edit3%' ) LIMIT 1   [ RunTime:0.0014s ]
SQL: SELECT * FROM `jfsd_menu` WHERE `id` = 125 LIMIT 1   [ RunTime:0.0004s ]
SQL: SELECT * FROM `jfsd_menu` WHERE `id` = 93 LIMIT 1   [ RunTime:0.0002s ]
SQL: SELECT DISTINCT  `group` FROM `jfsd_menu` WHERE `group` <> '' AND `pid` = 93  [ RunTime:0.0004s ]
SQL: SELECT `id`,`url` FROM `jfsd_menu` WHERE `pid` = 93 AND `hide` = 0  [ RunTime:0.0003s ]
SQL: SELECT `id`,`pid`,`title`,`url`,`tip` FROM `jfsd_menu` WHERE `group` = '旅游线路' AND `pid` = 93 AND `hide` = 0 ORDER BY sort asc  [ RunTime:0.0003s ]
SQL: SELECT `id`,`pid`,`title`,`url`,`tip` FROM `jfsd_menu` WHERE `group` = '签证线路' AND `pid` = 93 AND `hide` = 0 ORDER BY sort asc  [ RunTime:0.0003s ]
SQL: SELECT `id`,`pid`,`title`,`url`,`tip` FROM `jfsd_menu` WHERE `group` = '分类管理' AND `pid` = 93 AND `hide` = 0 ORDER BY sort asc  [ RunTime:0.0003s ]
SQL: SHOW COLUMNS FROM `jfsd_line` [ RunTime:0.0028s ]
SQL: SHOW COLUMNS FROM `jfsd_auth_group_access` [ RunTime:0.0026s ]
SQL: SELECT `extend_id` FROM jfsd_auth_group_access g INNER JOIN jfsd_auth_extend c on g.group_id=c.group_id  WHERE ( g.uid='1' and c.type='3' and !isnull(extend_id) )  [ RunTime:0.0003s ]
SQL: SELECT * FROM `jfsd_line` WHERE `line_id` = 14 LIMIT 1   [ RunTime:0.0005s ]
INFO: [ view_parse ] --START--
INFO: [ template_filter ] --START--
INFO: Run Behavior\ContentReplaceBehavior [ RunTime:0.000186s ]
INFO: [ template_filter ] --END-- [ RunTime:0.000238s ]
SQL: SHOW COLUMNS FROM `jfsd_picture` [ RunTime:0.0027s ]
SQL: SELECT * FROM `jfsd_picture` WHERE `status` = 1 AND `id` = 12 LIMIT 1   [ RunTime:0.0003s ]
NOTIC: [8] Undefined offset: 5 E:\phpStudy\WWW\songjian\youweihui\Runtime\Cache\Admin\bebf544d0852bdbf0f653f22164a3567.php 第 149 行.
NOTIC: [8] Undefined offset: 5 E:\phpStudy\WWW\songjian\youweihui\Runtime\Cache\Admin\bebf544d0852bdbf0f653f22164a3567.php 第 149 行.
NOTIC: [8] Undefined offset: 5 E:\phpStudy\WWW\songjian\youweihui\Runtime\Cache\Admin\bebf544d0852bdbf0f653f22164a3567.php 第 149 行.
NOTIC: [8] Undefined offset: 5 E:\phpStudy\WWW\songjian\youweihui\Runtime\Cache\Admin\bebf544d0852bdbf0f653f22164a3567.php 第 149 行.
INFO: Run Behavior\ParseTemplateBehavior [ RunTime:0.017829s ]
INFO: [ view_parse ] --END-- [ RunTime:0.017879s ]
INFO: [ view_filter ] --START--
INFO: Run Behavior\WriteHtmlCacheBehavior [ RunTime:0.000389s ]
INFO: [ view_filter ] --END-- [ RunTime:0.000430s ]
INFO: [ app_end ] --START--
INFO: Run Behavior\ShowPageTraceBehavior [ RunTime:0.000448s ]
INFO: [ app_end ] --END-- [ RunTime:0.000538s ]

[ 2015-12-25T15:53:15+08:00 ] 127.0.0.1 /admin.php?m=Admin&c=Line&a=edit3&site_id=0&line_id=14
INFO: [ app_init ] --START--
INFO: Run Behavior\BuildLiteBehavior [ RunTime:0.000012s ]
INFO: Run Common\Behavior\InitHookBehavior [ RunTime:0.001760s ]
INFO: [ app_init ] --END-- [ RunTime:0.002078s ]
INFO: [ app_begin ] --START--
INFO: Run Behavior\ReadHtmlCacheBehavior [ RunTime:0.000522s ]
INFO: [ app_begin ] --END-- [ RunTime:0.000573s ]
SQL: SHOW COLUMNS FROM `jfsd_menu` [ RunTime:0.0025s ]
SQL: SELECT `id`,`title`,`url` FROM `jfsd_menu` WHERE `pid` = 0 AND `hide` = 0 ORDER BY sort asc  [ RunTime:0.0004s ]
SQL: SELECT `pid` FROM `jfsd_menu` WHERE ( pid !=0 AND url like '%Line/edit3%' ) LIMIT 1   [ RunTime:0.0007s ]
SQL: SELECT * FROM `jfsd_menu` WHERE `id` = 125 LIMIT 1   [ RunTime:0.0003s ]
SQL: SELECT * FROM `jfsd_menu` WHERE `id` = 93 LIMIT 1   [ RunTime:0.0003s ]
SQL: SELECT DISTINCT  `group` FROM `jfsd_menu` WHERE `group` <> '' AND `pid` = 93  [ RunTime:0.0004s ]
SQL: SELECT `id`,`url` FROM `jfsd_menu` WHERE `pid` = 93 AND `hide` = 0  [ RunTime:0.0002s ]
SQL: SELECT `id`,`pid`,`title`,`url`,`tip` FROM `jfsd_menu` WHERE `group` = '旅游线路' AND `pid` = 93 AND `hide` = 0 ORDER BY sort asc  [ RunTime:0.0007s ]
SQL: SELECT `id`,`pid`,`title`,`url`,`tip` FROM `jfsd_menu` WHERE `group` = '签证线路' AND `pid` = 93 AND `hide` = 0 ORDER BY sort asc  [ RunTime:0.0004s ]
SQL: SELECT `id`,`pid`,`title`,`url`,`tip` FROM `jfsd_menu` WHERE `group` = '分类管理' AND `pid` = 93 AND `hide` = 0 ORDER BY sort asc  [ RunTime:0.0004s ]
SQL: SHOW COLUMNS FROM `jfsd_line` [ RunTime:0.0026s ]
SQL: UPDATE `jfsd_line` SET `features`='1、酒店专享：全程入住四-五星酒店，保证入住1晚北海道五星温泉乐园酒店； [p]2、独家体验：洞爷湖畔足汤，边赏爷湖美丽景色，边漫步热气飘浮； [br] [/p] [p]3、独享购物：综合电器店；综合免税店；奥特莱斯，全方位购物，极致体验； [br] [/p] [p]4、尽享美食：拉面街和室兰海鲜市场，挑战您的味觉极限； [br] [/p] [p]5、精华景点：白色恋人巧克力工厂；熊牧场；旭川动物园； [br] [/p] [p]6、品味经典：小樽运河；SAIRO展望台；洞爷湖雕刻公园；大通公园； [br] [/p] [p]7、特别赠送：【游尾会】免费赠送人身意外险！ [br] [/p]',`xingcheng`='a:5:{i:0;a:6:{i:0;s:18:\"北京 一 旭川1\";i:1;s:266:\" [p]北京首都机场集合，乘坐国际航班飞往日本北海道，抵达后乘机场巴士前往当晚入住酒店休息。办理完入住手续后，后前往酒店休息。 [br] [/p] [p] [b] [font30099cc]参考航班：MU749 1305 1730 [/font] [/b] [br] [/p]\";i:2;s:15:\"晚餐特色餐\";i:3;s:6:\"飞机\";i:4;s:12:\"当地民宿\";i:5;a:1:{i:0;s:2:\"12\";}}i:1;a:5:{i:0;s:18:\"北京 一 旭川2\";i:1;s:236:\" 北京首都机场集合，乘坐国际航班飞往日本北海道，抵达后乘机场巴士前往当晚入住酒店休息。办理完入住手续后，后前往酒店休息。 [p] [br] [/p] [p]参考航班：MU749 1305 1730 [br] [/p]\";i:2;s:15:\"晚餐特色餐\";i:3;s:6:\"飞机\";i:4;s:12:\"当地民宿\";}i:2;a:5:{i:0;s:18:\"北京 一 旭川3\";i:1;s:236:\" 北京首都机场集合，乘坐国际航班飞往日本北海道，抵达后乘机场巴士前往当晚入住酒店休息。办理完入住手续后，后前往酒店休息。 [p] [br] [/p] [p]参考航班：MU749 1305 1730 [br] [/p]\";i:2;s:15:\"晚餐特色餐\";i:3;s:6:\"飞机\";i:4;s:12:\"当地民宿\";}i:3;a:5:{i:0;s:18:\"北京 一 旭川4\";i:1;s:236:\" 北京首都机场集合，乘坐国际航班飞往日本北海道，抵达后乘机场巴士前往当晚入住酒店休息。办理完入住手续后，后前往酒店休息。 [p] [br] [/p] [p]参考航班：MU749 1305 1730 [br] [/p]\";i:2;s:15:\"晚餐特色餐\";i:3;s:6:\"飞机\";i:4;s:12:\"当地民宿\";}i:4;a:5:{i:0;s:18:\"北京 一 旭川5\";i:1;s:236:\" 北京首都机场集合，乘坐国际航班飞往日本北海道，抵达后乘机场巴士前往当晚入住酒店休息。办理完入住手续后，后前往酒店休息。 [p] [br] [/p] [p]参考航班：MU749 1305 1730 [br] [/p]\";i:2;s:15:\"晚餐特色餐\";i:3;s:6:\"飞机\";i:4;s:12:\"当地民宿\";}}',`remark`='a:4:{i:0;s:12:\"费用说明\";i:1;s:513:\" [font377cc33] [b] 预订须知： [/b] [/font] [p]1、国际往返机票（含机场税），团队经济舱； [/p] [p]2、团队旅游签证费； [br] [/p] [p]3、日本当地四-五星标准酒店双人间住宿； [br] [/p] [p]4、日程所列餐食（午餐1200日元/人次晚餐1350日元/人次）； [br] [/p] [p]5、专用观光车； [br] [/p] [p]6、全程中文导游/领队服务； [br] [/p] [p]7、旅行社责任险。人身意外险； [br] [/p] [p]8、全程小费已含； [br] [/p] [p] [/p]\";i:2;s:12:\"预定指南\";i:3;s:875:\" [b] [fontdd0000]预订须知： [/font] [/b] [p]1、旅游产品时限性比较强，所以如您预订此产品，请与客服联系！以上团期仅限于持中国护照/证件旅游者！ 2、理智面对降价：由于旅游尾单的特性，价格可以还会随着时间的临近而下降，您购买到心仪的度假产品后，还请冷静面对随后的降价，该出手时就出手，买到总比错过强呀！！ [/p] [p] [b] [fontdd0000]预订须知： [/font] [/b] [/p] [p]1、旅游产品时限性比较强，所以如您预订此产品，请与客服联系！以上团期仅限于持中国护照/证件旅游者！ 2、理智面对降价：由于旅游尾单的特性，价格可以还会随着时间的临近而下降，您购买到心仪的度假产品后，还请冷静面对随后的降价，该出手时就出手，买到总比错过强呀！！ [/p]\";}',`status`='1',`update_time`='1451029995' WHERE `line_id` = 14 [ RunTime:0.1344s ]

[ 2015-12-25T15:53:17+08:00 ] 127.0.0.1 /admin.php?m=Admin&c=Line&a=edit3&site_id=0&line_id=14
INFO: [ app_init ] --START--
INFO: Run Behavior\BuildLiteBehavior [ RunTime:0.000013s ]
INFO: Run Common\Behavior\InitHookBehavior [ RunTime:0.001902s ]
INFO: [ app_init ] --END-- [ RunTime:0.002278s ]
INFO: [ app_begin ] --START--
INFO: Run Behavior\ReadHtmlCacheBehavior [ RunTime:0.000523s ]
INFO: [ app_begin ] --END-- [ RunTime:0.000573s ]
SQL: SHOW COLUMNS FROM `jfsd_menu` [ RunTime:0.0029s ]
SQL: SELECT `id`,`title`,`url` FROM `jfsd_menu` WHERE `pid` = 0 AND `hide` = 0 ORDER BY sort asc  [ RunTime:0.0003s ]
SQL: SELECT `pid` FROM `jfsd_menu` WHERE ( pid !=0 AND url like '%Line/edit3%' ) LIMIT 1   [ RunTime:0.0007s ]
SQL: SELECT * FROM `jfsd_menu` WHERE `id` = 125 LIMIT 1   [ RunTime:0.0002s ]
SQL: SELECT * FROM `jfsd_menu` WHERE `id` = 93 LIMIT 1   [ RunTime:0.0002s ]
SQL: SELECT DISTINCT  `group` FROM `jfsd_menu` WHERE `group` <> '' AND `pid` = 93  [ RunTime:0.0003s ]
SQL: SELECT `id`,`url` FROM `jfsd_menu` WHERE `pid` = 93 AND `hide` = 0  [ RunTime:0.0002s ]
SQL: SELECT `id`,`pid`,`title`,`url`,`tip` FROM `jfsd_menu` WHERE `group` = '旅游线路' AND `pid` = 93 AND `hide` = 0 ORDER BY sort asc  [ RunTime:0.0003s ]
SQL: SELECT `id`,`pid`,`title`,`url`,`tip` FROM `jfsd_menu` WHERE `group` = '签证线路' AND `pid` = 93 AND `hide` = 0 ORDER BY sort asc  [ RunTime:0.0002s ]
SQL: SELECT `id`,`pid`,`title`,`url`,`tip` FROM `jfsd_menu` WHERE `group` = '分类管理' AND `pid` = 93 AND `hide` = 0 ORDER BY sort asc  [ RunTime:0.0003s ]
SQL: SHOW COLUMNS FROM `jfsd_line` [ RunTime:0.0032s ]
SQL: SHOW COLUMNS FROM `jfsd_auth_group_access` [ RunTime:0.0027s ]
SQL: SELECT `extend_id` FROM jfsd_auth_group_access g INNER JOIN jfsd_auth_extend c on g.group_id=c.group_id  WHERE ( g.uid='1' and c.type='3' and !isnull(extend_id) )  [ RunTime:0.0004s ]
SQL: SELECT * FROM `jfsd_line` WHERE `line_id` = 14 LIMIT 1   [ RunTime:0.0005s ]
INFO: [ view_parse ] --START--
INFO: [ template_filter ] --START--
INFO: Run Behavior\ContentReplaceBehavior [ RunTime:0.000195s ]
INFO: [ template_filter ] --END-- [ RunTime:0.000254s ]
SQL: SHOW COLUMNS FROM `jfsd_picture` [ RunTime:0.0024s ]
SQL: SELECT * FROM `jfsd_picture` WHERE `status` = 1 AND `id` = 12 LIMIT 1   [ RunTime:0.0003s ]
NOTIC: [8] Undefined offset: 5 E:\phpStudy\WWW\songjian\youweihui\Runtime\Cache\Admin\bebf544d0852bdbf0f653f22164a3567.php 第 149 行.
NOTIC: [8] Undefined offset: 5 E:\phpStudy\WWW\songjian\youweihui\Runtime\Cache\Admin\bebf544d0852bdbf0f653f22164a3567.php 第 149 行.
NOTIC: [8] Undefined offset: 5 E:\phpStudy\WWW\songjian\youweihui\Runtime\Cache\Admin\bebf544d0852bdbf0f653f22164a3567.php 第 149 行.
NOTIC: [8] Undefined offset: 5 E:\phpStudy\WWW\songjian\youweihui\Runtime\Cache\Admin\bebf544d0852bdbf0f653f22164a3567.php 第 149 行.
INFO: Run Behavior\ParseTemplateBehavior [ RunTime:0.016973s ]
INFO: [ view_parse ] --END-- [ RunTime:0.017040s ]
INFO: [ view_filter ] --START--
INFO: Run Behavior\WriteHtmlCacheBehavior [ RunTime:0.000379s ]
INFO: [ view_filter ] --END-- [ RunTime:0.000420s ]
INFO: [ app_end ] --START--
INFO: Run Behavior\ShowPageTraceBehavior [ RunTime:0.000516s ]
INFO: [ app_end ] --END-- [ RunTime:0.000561s ]

[ 2015-12-25T15:53:45+08:00 ] 127.0.0.1 /admin.php?m=Admin&c=File&a=uploadPicture&session_id=lpj5tq1bkmi3dra43ga4m6tko1
INFO: [ app_init ] --START--
INFO: Run Behavior\BuildLiteBehavior [ RunTime:0.000011s ]
INFO: Run Common\Behavior\InitHookBehavior [ RunTime:0.001073s ]
INFO: [ app_init ] --END-- [ RunTime:0.001406s ]
INFO: [ app_begin ] --START--
INFO: Run Behavior\ReadHtmlCacheBehavior [ RunTime:0.000666s ]
INFO: [ app_begin ] --END-- [ RunTime:0.000751s ]
SQL: SHOW COLUMNS FROM `jfsd_menu` [ RunTime:0.0030s ]
SQL: SELECT `id`,`title`,`url` FROM `jfsd_menu` WHERE `pid` = 0 AND `hide` = 0 ORDER BY sort asc  [ RunTime:0.0004s ]
SQL: SELECT `pid` FROM `jfsd_menu` WHERE ( pid !=0 AND url like '%File/uploadPicture%' ) LIMIT 1   [ RunTime:0.0008s ]
SQL: SHOW COLUMNS FROM `jfsd_picture` [ RunTime:0.0028s ]
SQL: SELECT `id`,`path`,`url`,`md5`,`sha1`,`status`,`create_time` FROM `jfsd_picture` WHERE `md5` = '5010d49ae28e3671cf73cbeb5fcee0eb' AND `sha1` = 'b017fc47dc15fd50810212f6624e212df08530d3' LIMIT 1   [ RunTime:0.0005s ]

[ 2015-12-25T15:53:47+08:00 ] 127.0.0.1 /admin.php?m=Admin&c=Line&a=edit3&site_id=0&line_id=14
INFO: [ app_init ] --START--
INFO: Run Behavior\BuildLiteBehavior [ RunTime:0.000013s ]
INFO: Run Common\Behavior\InitHookBehavior [ RunTime:0.003398s ]
INFO: [ app_init ] --END-- [ RunTime:0.003913s ]
INFO: [ app_begin ] --START--
INFO: Run Behavior\ReadHtmlCacheBehavior [ RunTime:0.001011s ]
INFO: [ app_begin ] --END-- [ RunTime:0.001060s ]
SQL: SHOW COLUMNS FROM `jfsd_menu` [ RunTime:0.0027s ]
SQL: SELECT `id`,`title`,`url` FROM `jfsd_menu` WHERE `pid` = 0 AND `hide` = 0 ORDER BY sort asc  [ RunTime:0.0003s ]
SQL: SELECT `pid` FROM `jfsd_menu` WHERE ( pid !=0 AND url like '%Line/edit3%' ) LIMIT 1   [ RunTime:0.0010s ]
SQL: SELECT * FROM `jfsd_menu` WHERE `id` = 125 LIMIT 1   [ RunTime:0.0002s ]
SQL: SELECT * FROM `jfsd_menu` WHERE `id` = 93 LIMIT 1   [ RunTime:0.0002s ]
SQL: SELECT DISTINCT  `group` FROM `jfsd_menu` WHERE `group` <> '' AND `pid` = 93  [ RunTime:0.0006s ]
SQL: SELECT `id`,`url` FROM `jfsd_menu` WHERE `pid` = 93 AND `hide` = 0  [ RunTime:0.0003s ]
SQL: SELECT `id`,`pid`,`title`,`url`,`tip` FROM `jfsd_menu` WHERE `group` = '旅游线路' AND `pid` = 93 AND `hide` = 0 ORDER BY sort asc  [ RunTime:0.0003s ]
SQL: SELECT `id`,`pid`,`title`,`url`,`tip` FROM `jfsd_menu` WHERE `group` = '签证线路' AND `pid` = 93 AND `hide` = 0 ORDER BY sort asc  [ RunTime:0.0002s ]
SQL: SELECT `id`,`pid`,`title`,`url`,`tip` FROM `jfsd_menu` WHERE `group` = '分类管理' AND `pid` = 93 AND `hide` = 0 ORDER BY sort asc  [ RunTime:0.0002s ]
SQL: SHOW COLUMNS FROM `jfsd_line` [ RunTime:0.0028s ]
SQL: UPDATE `jfsd_line` SET `features`='1、酒店专享：全程入住四-五星酒店，保证入住1晚北海道五星温泉乐园酒店； [p]2、独家体验：洞爷湖畔足汤，边赏爷湖美丽景色，边漫步热气飘浮； [br] [/p] [p]3、独享购物：综合电器店；综合免税店；奥特莱斯，全方位购物，极致体验； [br] [/p] [p]4、尽享美食：拉面街和室兰海鲜市场，挑战您的味觉极限； [br] [/p] [p]5、精华景点：白色恋人巧克力工厂；熊牧场；旭川动物园； [br] [/p] [p]6、品味经典：小樽运河；SAIRO展望台；洞爷湖雕刻公园；大通公园； [br] [/p] [p]7、特别赠送：【游尾会】免费赠送人身意外险！ [br] [/p]',`xingcheng`='a:5:{i:0;a:6:{i:0;s:18:\"北京 一 旭川1\";i:1;s:266:\" [p]北京首都机场集合，乘坐国际航班飞往日本北海道，抵达后乘机场巴士前往当晚入住酒店休息。办理完入住手续后，后前往酒店休息。 [br] [/p] [p] [b] [font30099cc]参考航班：MU749 1305 1730 [/font] [/b] [br] [/p]\";i:2;s:15:\"晚餐特色餐\";i:3;s:6:\"飞机\";i:4;s:12:\"当地民宿\";i:5;a:1:{i:0;s:2:\"12\";}}i:1;a:6:{i:0;s:18:\"北京 一 旭川2\";i:1;s:236:\" 北京首都机场集合，乘坐国际航班飞往日本北海道，抵达后乘机场巴士前往当晚入住酒店休息。办理完入住手续后，后前往酒店休息。 [p] [br] [/p] [p]参考航班：MU749 1305 1730 [br] [/p]\";i:2;s:15:\"晚餐特色餐\";i:3;s:6:\"飞机\";i:4;s:12:\"当地民宿\";i:5;a:1:{i:0;s:2:\"12\";}}i:2;a:5:{i:0;s:18:\"北京 一 旭川3\";i:1;s:236:\" 北京首都机场集合，乘坐国际航班飞往日本北海道，抵达后乘机场巴士前往当晚入住酒店休息。办理完入住手续后，后前往酒店休息。 [p] [br] [/p] [p]参考航班：MU749 1305 1730 [br] [/p]\";i:2;s:15:\"晚餐特色餐\";i:3;s:6:\"飞机\";i:4;s:12:\"当地民宿\";}i:3;a:5:{i:0;s:18:\"北京 一 旭川4\";i:1;s:236:\" 北京首都机场集合，乘坐国际航班飞往日本北海道，抵达后乘机场巴士前往当晚入住酒店休息。办理完入住手续后，后前往酒店休息。 [p] [br] [/p] [p]参考航班：MU749 1305 1730 [br] [/p]\";i:2;s:15:\"晚餐特色餐\";i:3;s:6:\"飞机\";i:4;s:12:\"当地民宿\";}i:4;a:5:{i:0;s:18:\"北京 一 旭川5\";i:1;s:236:\" 北京首都机场集合，乘坐国际航班飞往日本北海道，抵达后乘机场巴士前往当晚入住酒店休息。办理完入住手续后，后前往酒店休息。 [p] [br] [/p] [p]参考航班：MU749 1305 1730 [br] [/p]\";i:2;s:15:\"晚餐特色餐\";i:3;s:6:\"飞机\";i:4;s:12:\"当地民宿\";}}',`remark`='a:4:{i:0;s:12:\"费用说明\";i:1;s:513:\" [font377cc33] [b] 预订须知： [/b] [/font] [p]1、国际往返机票（含机场税），团队经济舱； [/p] [p]2、团队旅游签证费； [br] [/p] [p]3、日本当地四-五星标准酒店双人间住宿； [br] [/p] [p]4、日程所列餐食（午餐1200日元/人次晚餐1350日元/人次）； [br] [/p] [p]5、专用观光车； [br] [/p] [p]6、全程中文导游/领队服务； [br] [/p] [p]7、旅行社责任险。人身意外险； [br] [/p] [p]8、全程小费已含； [br] [/p] [p] [/p]\";i:2;s:12:\"预定指南\";i:3;s:875:\" [b] [fontdd0000]预订须知： [/font] [/b] [p]1、旅游产品时限性比较强，所以如您预订此产品，请与客服联系！以上团期仅限于持中国护照/证件旅游者！ 2、理智面对降价：由于旅游尾单的特性，价格可以还会随着时间的临近而下降，您购买到心仪的度假产品后，还请冷静面对随后的降价，该出手时就出手，买到总比错过强呀！！ [/p] [p] [b] [fontdd0000]预订须知： [/font] [/b] [/p] [p]1、旅游产品时限性比较强，所以如您预订此产品，请与客服联系！以上团期仅限于持中国护照/证件旅游者！ 2、理智面对降价：由于旅游尾单的特性，价格可以还会随着时间的临近而下降，您购买到心仪的度假产品后，还请冷静面对随后的降价，该出手时就出手，买到总比错过强呀！！ [/p]\";}',`status`='0',`update_time`='1451030027' WHERE `line_id` = 14 [ RunTime:0.1358s ]

[ 2015-12-25T15:53:49+08:00 ] 127.0.0.1 /admin.php?m=Admin&c=Line&a=edit3&site_id=0&line_id=14
INFO: [ app_init ] --START--
INFO: Run Behavior\BuildLiteBehavior [ RunTime:0.000025s ]
INFO: Run Common\Behavior\InitHookBehavior [ RunTime:0.006999s ]
INFO: [ app_init ] --END-- [ RunTime:0.007919s ]
INFO: [ app_begin ] --START--
INFO: Run Behavior\ReadHtmlCacheBehavior [ RunTime:0.002076s ]
INFO: [ app_begin ] --END-- [ RunTime:0.002176s ]
SQL: SHOW COLUMNS FROM `jfsd_menu` [ RunTime:0.0025s ]
SQL: SELECT `id`,`title`,`url` FROM `jfsd_menu` WHERE `pid` = 0 AND `hide` = 0 ORDER BY sort asc  [ RunTime:0.0003s ]
SQL: SELECT `pid` FROM `jfsd_menu` WHERE ( pid !=0 AND url like '%Line/edit3%' ) LIMIT 1   [ RunTime:0.0006s ]
SQL: SELECT * FROM `jfsd_menu` WHERE `id` = 125 LIMIT 1   [ RunTime:0.0003s ]
SQL: SELECT * FROM `jfsd_menu` WHERE `id` = 93 LIMIT 1   [ RunTime:0.0002s ]
SQL: SELECT DISTINCT  `group` FROM `jfsd_menu` WHERE `group` <> '' AND `pid` = 93  [ RunTime:0.0003s ]
SQL: SELECT `id`,`url` FROM `jfsd_menu` WHERE `pid` = 93 AND `hide` = 0  [ RunTime:0.0002s ]
SQL: SELECT `id`,`pid`,`title`,`url`,`tip` FROM `jfsd_menu` WHERE `group` = '旅游线路' AND `pid` = 93 AND `hide` = 0 ORDER BY sort asc  [ RunTime:0.0002s ]
SQL: SELECT `id`,`pid`,`title`,`url`,`tip` FROM `jfsd_menu` WHERE `group` = '签证线路' AND `pid` = 93 AND `hide` = 0 ORDER BY sort asc  [ RunTime:0.0002s ]
SQL: SELECT `id`,`pid`,`title`,`url`,`tip` FROM `jfsd_menu` WHERE `group` = '分类管理' AND `pid` = 93 AND `hide` = 0 ORDER BY sort asc  [ RunTime:0.0002s ]
SQL: SHOW COLUMNS FROM `jfsd_line` [ RunTime:0.0027s ]
SQL: SHOW COLUMNS FROM `jfsd_auth_group_access` [ RunTime:0.0021s ]
SQL: SELECT `extend_id` FROM jfsd_auth_group_access g INNER JOIN jfsd_auth_extend c on g.group_id=c.group_id  WHERE ( g.uid='1' and c.type='3' and !isnull(extend_id) )  [ RunTime:0.0002s ]
SQL: SELECT * FROM `jfsd_line` WHERE `line_id` = 14 LIMIT 1   [ RunTime:0.0003s ]
INFO: [ view_parse ] --START--
INFO: [ template_filter ] --START--
INFO: Run Behavior\ContentReplaceBehavior [ RunTime:0.000186s ]
INFO: [ template_filter ] --END-- [ RunTime:0.000240s ]
SQL: SHOW COLUMNS FROM `jfsd_picture` [ RunTime:0.0028s ]
SQL: SELECT * FROM `jfsd_picture` WHERE `status` = 1 AND `id` = 12 LIMIT 1   [ RunTime:0.0003s ]
SQL: SELECT * FROM `jfsd_picture` WHERE `status` = 1 AND `id` = 12 LIMIT 1   [ RunTime:0.0002s ]
NOTIC: [8] Undefined offset: 5 E:\phpStudy\WWW\songjian\youweihui\Runtime\Cache\Admin\bebf544d0852bdbf0f653f22164a3567.php 第 149 行.
NOTIC: [8] Undefined offset: 5 E:\phpStudy\WWW\songjian\youweihui\Runtime\Cache\Admin\bebf544d0852bdbf0f653f22164a3567.php 第 149 行.
NOTIC: [8] Undefined offset: 5 E:\phpStudy\WWW\songjian\youweihui\Runtime\Cache\Admin\bebf544d0852bdbf0f653f22164a3567.php 第 149 行.
INFO: Run Behavior\ParseTemplateBehavior [ RunTime:0.019276s ]
INFO: [ view_parse ] --END-- [ RunTime:0.019321s ]
INFO: [ view_filter ] --START--
INFO: Run Behavior\WriteHtmlCacheBehavior [ RunTime:0.001026s ]
INFO: [ view_filter ] --END-- [ RunTime:0.001066s ]
INFO: [ app_end ] --START--
INFO: Run Behavior\ShowPageTraceBehavior [ RunTime:0.001743s ]
INFO: [ app_end ] --END-- [ RunTime:0.001799s ]

[ 2015-12-25T16:14:05+08:00 ] 127.0.0.1 /admin.php?m=Admin&c=File&a=uploadPicture&session_id=lpj5tq1bkmi3dra43ga4m6tko1
INFO: [ app_init ] --START--
INFO: Run Behavior\BuildLiteBehavior [ RunTime:0.000012s ]
INFO: Run Common\Behavior\InitHookBehavior [ RunTime:0.002231s ]
INFO: [ app_init ] --END-- [ RunTime:0.002619s ]
INFO: [ app_begin ] --START--
INFO: Run Behavior\ReadHtmlCacheBehavior [ RunTime:0.000553s ]
INFO: [ app_begin ] --END-- [ RunTime:0.000631s ]
SQL: SHOW COLUMNS FROM `jfsd_menu` [ RunTime:0.0025s ]
SQL: SELECT `id`,`title`,`url` FROM `jfsd_menu` WHERE `pid` = 0 AND `hide` = 0 ORDER BY sort asc  [ RunTime:0.0003s ]
SQL: SELECT `pid` FROM `jfsd_menu` WHERE ( pid !=0 AND url like '%File/uploadPicture%' ) LIMIT 1   [ RunTime:0.0007s ]
SQL: SHOW COLUMNS FROM `jfsd_picture` [ RunTime:0.0022s ]
SQL: SELECT `id`,`path`,`url`,`md5`,`sha1`,`status`,`create_time` FROM `jfsd_picture` WHERE `md5` = 'c6546160ff7b199650be3ab6777cb9eb' AND `sha1` = 'dd40cad848545919aa44f8278bd79faa2b142362' LIMIT 1   [ RunTime:0.0003s ]
SQL: INSERT INTO `jfsd_picture` (`md5`,`sha1`,`path`,`status`,`create_time`) VALUES ('c6546160ff7b199650be3ab6777cb9eb','dd40cad848545919aa44f8278bd79faa2b142362','/Uploads/Picture/2015-12-25/567cfacd52d66.jpg','1','1451031245') [ RunTime:0.0002s ]

[ 2015-12-25T16:14:08+08:00 ] 127.0.0.1 /admin.php?m=Admin&c=Line&a=edit3&site_id=0&line_id=14
INFO: [ app_init ] --START--
INFO: Run Behavior\BuildLiteBehavior [ RunTime:0.000012s ]
INFO: Run Common\Behavior\InitHookBehavior [ RunTime:0.001887s ]
INFO: [ app_init ] --END-- [ RunTime:0.002209s ]
INFO: [ app_begin ] --START--
INFO: Run Behavior\ReadHtmlCacheBehavior [ RunTime:0.000541s ]
INFO: [ app_begin ] --END-- [ RunTime:0.000590s ]
SQL: SHOW COLUMNS FROM `jfsd_menu` [ RunTime:0.0030s ]
SQL: SELECT `id`,`title`,`url` FROM `jfsd_menu` WHERE `pid` = 0 AND `hide` = 0 ORDER BY sort asc  [ RunTime:0.0004s ]
SQL: SELECT `pid` FROM `jfsd_menu` WHERE ( pid !=0 AND url like '%Line/edit3%' ) LIMIT 1   [ RunTime:0.0007s ]
SQL: SELECT * FROM `jfsd_menu` WHERE `id` = 125 LIMIT 1   [ RunTime:0.0003s ]
SQL: SELECT * FROM `jfsd_menu` WHERE `id` = 93 LIMIT 1   [ RunTime:0.0003s ]
SQL: SELECT DISTINCT  `group` FROM `jfsd_menu` WHERE `group` <> '' AND `pid` = 93  [ RunTime:0.0004s ]
SQL: SELECT `id`,`url` FROM `jfsd_menu` WHERE `pid` = 93 AND `hide` = 0  [ RunTime:0.0004s ]
SQL: SELECT `id`,`pid`,`title`,`url`,`tip` FROM `jfsd_menu` WHERE `group` = '旅游线路' AND `pid` = 93 AND `hide` = 0 ORDER BY sort asc  [ RunTime:0.0003s ]
SQL: SELECT `id`,`pid`,`title`,`url`,`tip` FROM `jfsd_menu` WHERE `group` = '签证线路' AND `pid` = 93 AND `hide` = 0 ORDER BY sort asc  [ RunTime:0.0003s ]
SQL: SELECT `id`,`pid`,`title`,`url`,`tip` FROM `jfsd_menu` WHERE `group` = '分类管理' AND `pid` = 93 AND `hide` = 0 ORDER BY sort asc  [ RunTime:0.0003s ]
SQL: SHOW COLUMNS FROM `jfsd_line` [ RunTime:0.0026s ]
SQL: UPDATE `jfsd_line` SET `features`='1、酒店专享：全程入住四-五星酒店，保证入住1晚北海道五星温泉乐园酒店； [p]2、独家体验：洞爷湖畔足汤，边赏爷湖美丽景色，边漫步热气飘浮； [br] [/p] [p]3、独享购物：综合电器店；综合免税店；奥特莱斯，全方位购物，极致体验； [br] [/p] [p]4、尽享美食：拉面街和室兰海鲜市场，挑战您的味觉极限； [br] [/p] [p]5、精华景点：白色恋人巧克力工厂；熊牧场；旭川动物园； [br] [/p] [p]6、品味经典：小樽运河；SAIRO展望台；洞爷湖雕刻公园；大通公园； [br] [/p] [p]7、特别赠送：【游尾会】免费赠送人身意外险！ [br] [/p]',`xingcheng`='a:5:{i:0;a:6:{i:0;s:18:\"北京 一 旭川1\";i:1;s:266:\" [p]北京首都机场集合，乘坐国际航班飞往日本北海道，抵达后乘机场巴士前往当晚入住酒店休息。办理完入住手续后，后前往酒店休息。 [br] [/p] [p] [b] [font30099cc]参考航班：MU749 1305 1730 [/font] [/b] [br] [/p]\";i:2;s:15:\"晚餐特色餐\";i:3;s:6:\"飞机\";i:4;s:12:\"当地民宿\";i:5;a:1:{i:0;s:2:\"12\";}}i:1;a:6:{i:0;s:18:\"北京 一 旭川2\";i:1;s:236:\" 北京首都机场集合，乘坐国际航班飞往日本北海道，抵达后乘机场巴士前往当晚入住酒店休息。办理完入住手续后，后前往酒店休息。 [p] [br] [/p] [p]参考航班：MU749 1305 1730 [br] [/p]\";i:2;s:15:\"晚餐特色餐\";i:3;s:6:\"飞机\";i:4;s:12:\"当地民宿\";i:5;a:2:{i:0;s:2:\"12\";i:1;s:2:\"13\";}}i:2;a:5:{i:0;s:18:\"北京 一 旭川3\";i:1;s:236:\" 北京首都机场集合，乘坐国际航班飞往日本北海道，抵达后乘机场巴士前往当晚入住酒店休息。办理完入住手续后，后前往酒店休息。 [p] [br] [/p] [p]参考航班：MU749 1305 1730 [br] [/p]\";i:2;s:15:\"晚餐特色餐\";i:3;s:6:\"飞机\";i:4;s:12:\"当地民宿\";}i:3;a:5:{i:0;s:18:\"北京 一 旭川4\";i:1;s:236:\" 北京首都机场集合，乘坐国际航班飞往日本北海道，抵达后乘机场巴士前往当晚入住酒店休息。办理完入住手续后，后前往酒店休息。 [p] [br] [/p] [p]参考航班：MU749 1305 1730 [br] [/p]\";i:2;s:15:\"晚餐特色餐\";i:3;s:6:\"飞机\";i:4;s:12:\"当地民宿\";}i:4;a:5:{i:0;s:18:\"北京 一 旭川5\";i:1;s:236:\" 北京首都机场集合，乘坐国际航班飞往日本北海道，抵达后乘机场巴士前往当晚入住酒店休息。办理完入住手续后，后前往酒店休息。 [p] [br] [/p] [p]参考航班：MU749 1305 1730 [br] [/p]\";i:2;s:15:\"晚餐特色餐\";i:3;s:6:\"飞机\";i:4;s:12:\"当地民宿\";}}',`remark`='a:4:{i:0;s:12:\"费用说明\";i:1;s:513:\" [font377cc33] [b] 预订须知： [/b] [/font] [p]1、国际往返机票（含机场税），团队经济舱； [/p] [p]2、团队旅游签证费； [br] [/p] [p]3、日本当地四-五星标准酒店双人间住宿； [br] [/p] [p]4、日程所列餐食（午餐1200日元/人次晚餐1350日元/人次）； [br] [/p] [p]5、专用观光车； [br] [/p] [p]6、全程中文导游/领队服务； [br] [/p] [p]7、旅行社责任险。人身意外险； [br] [/p] [p]8、全程小费已含； [br] [/p] [p] [/p]\";i:2;s:12:\"预定指南\";i:3;s:875:\" [b] [fontdd0000]预订须知： [/font] [/b] [p]1、旅游产品时限性比较强，所以如您预订此产品，请与客服联系！以上团期仅限于持中国护照/证件旅游者！ 2、理智面对降价：由于旅游尾单的特性，价格可以还会随着时间的临近而下降，您购买到心仪的度假产品后，还请冷静面对随后的降价，该出手时就出手，买到总比错过强呀！！ [/p] [p] [b] [fontdd0000]预订须知： [/font] [/b] [/p] [p]1、旅游产品时限性比较强，所以如您预订此产品，请与客服联系！以上团期仅限于持中国护照/证件旅游者！ 2、理智面对降价：由于旅游尾单的特性，价格可以还会随着时间的临近而下降，您购买到心仪的度假产品后，还请冷静面对随后的降价，该出手时就出手，买到总比错过强呀！！ [/p]\";}',`status`='1',`update_time`='1451031248' WHERE `line_id` = 14 [ RunTime:0.1310s ]

[ 2015-12-25T16:14:10+08:00 ] 127.0.0.1 /admin.php?m=Admin&c=Line&a=edit3&site_id=0&line_id=14
INFO: [ app_init ] --START--
INFO: Run Behavior\BuildLiteBehavior [ RunTime:0.000011s ]
INFO: Run Common\Behavior\InitHookBehavior [ RunTime:0.003026s ]
INFO: [ app_init ] --END-- [ RunTime:0.003539s ]
INFO: [ app_begin ] --START--
INFO: Run Behavior\ReadHtmlCacheBehavior [ RunTime:0.000514s ]
INFO: [ app_begin ] --END-- [ RunTime:0.000565s ]
SQL: SHOW COLUMNS FROM `jfsd_menu` [ RunTime:0.0032s ]
SQL: SELECT `id`,`title`,`url` FROM `jfsd_menu` WHERE `pid` = 0 AND `hide` = 0 ORDER BY sort asc  [ RunTime:0.0004s ]
SQL: SELECT `pid` FROM `jfsd_menu` WHERE ( pid !=0 AND url like '%Line/edit3%' ) LIMIT 1   [ RunTime:0.0007s ]
SQL: SELECT * FROM `jfsd_menu` WHERE `id` = 125 LIMIT 1   [ RunTime:0.0003s ]
SQL: SELECT * FROM `jfsd_menu` WHERE `id` = 93 LIMIT 1   [ RunTime:0.0002s ]
SQL: SELECT DISTINCT  `group` FROM `jfsd_menu` WHERE `group` <> '' AND `pid` = 93  [ RunTime:0.0004s ]
SQL: SELECT `id`,`url` FROM `jfsd_menu` WHERE `pid` = 93 AND `hide` = 0  [ RunTime:0.0002s ]
SQL: SELECT `id`,`pid`,`title`,`url`,`tip` FROM `jfsd_menu` WHERE `group` = '旅游线路' AND `pid` = 93 AND `hide` = 0 ORDER BY sort asc  [ RunTime:0.0002s ]
SQL: SELECT `id`,`pid`,`title`,`url`,`tip` FROM `jfsd_menu` WHERE `group` = '签证线路' AND `pid` = 93 AND `hide` = 0 ORDER BY sort asc  [ RunTime:0.0002s ]
SQL: SELECT `id`,`pid`,`title`,`url`,`tip` FROM `jfsd_menu` WHERE `group` = '分类管理' AND `pid` = 93 AND `hide` = 0 ORDER BY sort asc  [ RunTime:0.0003s ]
SQL: SHOW COLUMNS FROM `jfsd_line` [ RunTime:0.0033s ]
SQL: SHOW COLUMNS FROM `jfsd_auth_group_access` [ RunTime:0.0022s ]
SQL: SELECT `extend_id` FROM jfsd_auth_group_access g INNER JOIN jfsd_auth_extend c on g.group_id=c.group_id  WHERE ( g.uid='1' and c.type='3' and !isnull(extend_id) )  [ RunTime:0.0005s ]
SQL: SELECT * FROM `jfsd_line` WHERE `line_id` = 14 LIMIT 1   [ RunTime:0.0004s ]
INFO: [ view_parse ] --START--
INFO: [ template_filter ] --START--
INFO: Run Behavior\ContentReplaceBehavior [ RunTime:0.000190s ]
INFO: [ template_filter ] --END-- [ RunTime:0.000244s ]
SQL: SHOW COLUMNS FROM `jfsd_picture` [ RunTime:0.0030s ]
SQL: SELECT * FROM `jfsd_picture` WHERE `status` = 1 AND `id` = 12 LIMIT 1   [ RunTime:0.0003s ]
SQL: SELECT * FROM `jfsd_picture` WHERE `status` = 1 AND `id` = 12 LIMIT 1   [ RunTime:0.0002s ]
SQL: SELECT * FROM `jfsd_picture` WHERE `status` = 1 AND `id` = 13 LIMIT 1   [ RunTime:0.0003s ]
NOTIC: [8] Undefined offset: 5 E:\phpStudy\WWW\songjian\youweihui\Runtime\Cache\Admin\bebf544d0852bdbf0f653f22164a3567.php 第 149 行.
NOTIC: [8] Undefined offset: 5 E:\phpStudy\WWW\songjian\youweihui\Runtime\Cache\Admin\bebf544d0852bdbf0f653f22164a3567.php 第 149 行.
NOTIC: [8] Undefined offset: 5 E:\phpStudy\WWW\songjian\youweihui\Runtime\Cache\Admin\bebf544d0852bdbf0f653f22164a3567.php 第 149 行.
INFO: Run Behavior\ParseTemplateBehavior [ RunTime:0.019997s ]
INFO: [ view_parse ] --END-- [ RunTime:0.020067s ]
INFO: [ view_filter ] --START--
INFO: Run Behavior\WriteHtmlCacheBehavior [ RunTime:0.000512s ]
INFO: [ view_filter ] --END-- [ RunTime:0.000566s ]
INFO: [ app_end ] --START--
INFO: Run Behavior\ShowPageTraceBehavior [ RunTime:0.000561s ]
INFO: [ app_end ] --END-- [ RunTime:0.000612s ]

